[Sun Nov 17 22:40:52 2024] Client Started
[Sun Nov 17 22:40:52 2024] Client Config Loaded
[Sun Nov 17 22:40:52 2024] Socket criado com sucesso
[Sun Nov 17 22:40:52 2024] Conectado ao servidor
[Sun Nov 17 22:43:15 2024] Client Started
[Sun Nov 17 22:43:15 2024] Client Config Loaded
[Sun Nov 17 22:43:15 2024] Socket criado com sucesso
[Sun Nov 17 22:43:15 2024] Conectado ao servidor
[Sun Nov 17 22:44:46 2024] Client Started
[Sun Nov 17 22:44:46 2024] Client Config Loaded
[Sun Nov 17 22:44:46 2024] Socket criado com sucesso
[Sun Nov 17 22:44:46 2024] Conectado ao servidor
[Sun Nov 17 22:46:03 2024] Client Started
[Sun Nov 17 22:46:03 2024] Client Config Loaded
[Sun Nov 17 22:46:03 2024] Socket criado com sucesso
[Sun Nov 17 22:46:03 2024] Conectado ao servidor
[Sun Nov 17 22:51:26 2024] Client Started
[Sun Nov 17 22:51:26 2024] Client Config Loaded
[Sun Nov 17 22:51:26 2024] Socket criado com sucesso
[Sun Nov 17 22:51:26 2024] Conectado ao servidor
[Sun Nov 17 22:51:54 2024] Client Started
[Sun Nov 17 22:51:54 2024] Client Config Loaded
[Sun Nov 17 22:51:54 2024] Socket criado com sucesso
[Sun Nov 17 22:51:54 2024] Conectado ao servidor
[Sun Nov 17 22:52:53 2024] Client Started
[Sun Nov 17 22:52:53 2024] Client Config Loaded
[Sun Nov 17 22:52:53 2024] Socket criado com sucesso
[Sun Nov 17 22:52:53 2024] Conectado ao servidor
[Sun Nov 17 22:54:50 2024] Client Started
[Sun Nov 17 22:54:50 2024] Client Config Loaded
[Sun Nov 17 22:54:50 2024] Socket criado com sucesso
[Sun Nov 17 22:54:50 2024] Conectado ao servidor
[Sun Nov 17 22:55:06 2024] Client Started
[Sun Nov 17 22:55:06 2024] Client Config Loaded
[Sun Nov 17 22:55:06 2024] Socket criado com sucesso
[Sun Nov 17 22:55:06 2024] Conectado ao servidor
[Sun Nov 17 22:56:49 2024] Client Started
[Sun Nov 17 22:56:49 2024] Client Config Loaded
[Sun Nov 17 22:56:49 2024] Socket criado com sucesso
[Sun Nov 17 22:56:49 2024] Conectado ao servidor
[Sun Nov 17 22:57:02 2024] Client Started
[Sun Nov 17 22:57:02 2024] Client Config Loaded
[Sun Nov 17 22:57:02 2024] Socket criado com sucesso
[Sun Nov 17 22:57:02 2024] Conectado ao servidor
[Sun Nov 17 22:58:09 2024] Client Started
[Sun Nov 17 22:58:09 2024] Client Config Loaded
[Sun Nov 17 22:58:09 2024] Socket criado com sucesso
[Sun Nov 17 22:58:09 2024] Conexão falhou! EXIT

[Sun Nov 17 22:58:14 2024] Client Started
[Sun Nov 17 22:58:14 2024] Client Config Loaded
[Sun Nov 17 22:58:14 2024] Socket criado com sucesso
[Sun Nov 17 22:58:14 2024] Conectado ao servidor
[Sun Nov 17 23:02:02 2024] Client Started
[Sun Nov 17 23:02:02 2024] Client Config Loaded
[Sun Nov 17 23:02:02 2024] Socket criado com sucesso
[Sun Nov 17 23:02:02 2024] Conectado ao servidor
[Sun Nov 17 23:03:34 2024] Client Started
[Sun Nov 17 23:03:34 2024] Client Config Loaded
[Sun Nov 17 23:03:34 2024] Socket criado com sucesso
[Sun Nov 17 23:03:34 2024] Conectado ao servidor
[Sun Nov 17 23:03:49 2024] Client Started
[Sun Nov 17 23:03:49 2024] Client Config Loaded
[Sun Nov 17 23:03:49 2024] Socket criado com sucesso
[Sun Nov 17 23:03:49 2024] Conectado ao servidor
[Sun Nov 17 23:05:50 2024] Client Started
[Sun Nov 17 23:05:50 2024] Client Config Loaded
[Sun Nov 17 23:05:50 2024] Socket criado com sucesso
[Sun Nov 17 23:05:50 2024] Conectado ao servidor
[Sun Nov 17 23:06:16 2024] Client Started
[Sun Nov 17 23:06:16 2024] Client Config Loaded
[Sun Nov 17 23:06:16 2024] Socket criado com sucesso
[Sun Nov 17 23:06:16 2024] Conectado ao servidor
[Sun Nov 17 23:09:55 2024] Client Started
[Sun Nov 17 23:09:55 2024] Client Config Loaded
[Sun Nov 17 23:09:55 2024] Socket criado com sucesso
[Sun Nov 17 23:09:55 2024] Conectado ao servidor
[Sun Nov 17 23:10:38 2024] Client Started
[Sun Nov 17 23:10:38 2024] Client Config Loaded
[Sun Nov 17 23:10:38 2024] Socket criado com sucesso
[Sun Nov 17 23:10:38 2024] Conectado ao servidor
[Sun Nov 17 23:11:19 2024] Client Started
[Sun Nov 17 23:11:19 2024] Client Config Loaded
[Sun Nov 17 23:11:19 2024] Socket criado com sucesso
[Sun Nov 17 23:11:19 2024] Conectado ao servidor
[Sun Nov 17 23:12:09 2024] Client Started
[Sun Nov 17 23:12:09 2024] Client Config Loaded
[Sun Nov 17 23:12:09 2024] Socket criado com sucesso
[Sun Nov 17 23:12:09 2024] Conectado ao servidor
[Sun Nov 17 23:12:36 2024] Client Started
[Sun Nov 17 23:12:36 2024] Client Config Loaded
[Sun Nov 17 23:12:36 2024] Socket criado com sucesso
[Sun Nov 17 23:12:36 2024] Conectado ao servidor
[Sun Nov 17 23:17:25 2024] Client Started
[Sun Nov 17 23:17:25 2024] Client Config Loaded
[Sun Nov 17 23:17:25 2024] Socket criado com sucesso
[Sun Nov 17 23:17:25 2024] Conectado ao servidor
[Sun Nov 17 23:19:57 2024] Client Started
[Sun Nov 17 23:19:57 2024] Client Config Loaded
[Sun Nov 17 23:19:57 2024] Socket criado com sucesso
[Sun Nov 17 23:19:57 2024] Conectado ao servidor
[Tue Nov 26 19:32:21 2024] Client Started
[Tue Nov 26 19:32:21 2024] Client Config Loaded
[Tue Nov 26 19:32:21 2024] Socket criado com sucesso
[Tue Nov 26 19:32:21 2024] Conectado ao servidor
[Tue Nov 26 19:32:29 2024] Client Started
[Tue Nov 26 19:32:29 2024] Client Config Loaded
[Tue Nov 26 19:32:29 2024] Socket criado com sucesso
[Tue Nov 26 19:32:29 2024] Conectado ao servidor
[Tue Nov 26 19:32:50 2024] Client Started
[Tue Nov 26 19:32:50 2024] Client Config Loaded
[Tue Nov 26 19:32:50 2024] Socket criado com sucesso
[Tue Nov 26 19:32:50 2024] Conectado ao servidor
[Tue Nov 26 19:33:30 2024] Client Started
[Tue Nov 26 19:33:30 2024] Client Config Loaded
[Tue Nov 26 19:33:30 2024] Socket criado com sucesso
[Tue Nov 26 19:33:30 2024] Conectado ao servidor
[Tue Nov 26 19:33:31 2024] Client Started
[Tue Nov 26 19:33:31 2024] Client Config Loaded
[Tue Nov 26 19:33:31 2024] Socket criado com sucesso
[Tue Nov 26 19:33:31 2024] Conectado ao servidor
[Tue Nov 26 19:33:33 2024] Client Started
[Tue Nov 26 19:33:33 2024] Client Config Loaded
[Tue Nov 26 19:33:33 2024] Socket criado com sucesso
[Tue Nov 26 19:33:33 2024] Conectado ao servidor
[Wed Nov 27 17:59:36 2024] Client Started
[Wed Nov 27 17:59:36 2024] Client Config Loaded
[Wed Nov 27 17:59:36 2024] Socket criado com sucesso
[Wed Nov 27 17:59:36 2024] Conectado ao servidor
[Wed Nov 27 18:02:48 2024] Client Started
[Wed Nov 27 18:02:48 2024] Client Config Loaded
[Wed Nov 27 18:02:48 2024] Socket criado com sucesso
[Wed Nov 27 18:02:48 2024] Conectado ao servidor
[Wed Nov 27 18:02:50 2024] Client Started
[Wed Nov 27 18:02:50 2024] Client Config Loaded
[Wed Nov 27 18:02:50 2024] Socket criado com sucesso
[Wed Nov 27 18:02:50 2024] Conectado ao servidor
[Wed Nov 27 18:02:55 2024] Client Started
[Wed Nov 27 18:02:55 2024] Client Config Loaded
[Wed Nov 27 18:02:55 2024] Socket criado com sucesso
[Wed Nov 27 18:02:55 2024] Conectado ao servidor
[Wed Nov 27 18:20:43 2024] Client Started
[Wed Nov 27 18:20:43 2024] Client Config Loaded
[Wed Nov 27 18:20:43 2024] Socket criado com sucesso
[Wed Nov 27 18:20:43 2024] Conectado ao servidor
[Wed Nov 27 18:20:44 2024] Client Started
[Wed Nov 27 18:20:44 2024] Client Config Loaded
[Wed Nov 27 18:20:44 2024] Socket criado com sucesso
[Wed Nov 27 18:20:44 2024] Conectado ao servidor
[Wed Nov 27 18:20:47 2024] Client Started
[Wed Nov 27 18:20:47 2024] Client Config Loaded
[Wed Nov 27 18:20:47 2024] Socket criado com sucesso
[Wed Nov 27 18:20:47 2024] Conectado ao servidor
[Thu Nov 28 11:20:44 2024] Client Started
[Thu Nov 28 11:20:44 2024] Client Config Loaded
[Thu Nov 28 11:20:44 2024] Socket criado com sucesso
[Thu Nov 28 11:20:44 2024] Conectado ao servidor
[Thu Nov 28 11:22:29 2024] Client Started
[Thu Nov 28 11:22:29 2024] Client Config Loaded
[Thu Nov 28 11:22:29 2024] Socket criado com sucesso
[Thu Nov 28 11:22:29 2024] Conectado ao servidor
[Thu Nov 28 11:22:54 2024] Client Started
[Thu Nov 28 11:22:54 2024] Client Config Loaded
[Thu Nov 28 11:22:54 2024] Socket criado com sucesso
[Thu Nov 28 11:22:54 2024] Conectado ao servidor
[Thu Nov 28 11:23:01 2024] Client Started
[Thu Nov 28 11:23:01 2024] Client Config Loaded
[Thu Nov 28 11:23:01 2024] Socket criado com sucesso
[Thu Nov 28 11:23:01 2024] Conectado ao servidor
[Thu Nov 28 11:24:48 2024] Client Started
[Thu Nov 28 11:24:48 2024] Client Config Loaded
[Thu Nov 28 11:24:48 2024] Socket criado com sucesso
[Thu Nov 28 11:24:48 2024] Conectado ao servidor
[Thu Nov 28 11:24:52 2024] Client Started
[Thu Nov 28 11:24:52 2024] Client Config Loaded
[Thu Nov 28 11:24:52 2024] Socket criado com sucesso
[Thu Nov 28 11:24:52 2024] Conectado ao servidor
[Thu Nov 28 11:24:55 2024] Client Started
[Thu Nov 28 11:24:55 2024] Client Config Loaded
[Thu Nov 28 11:24:55 2024] Socket criado com sucesso
[Thu Nov 28 11:24:55 2024] Conectado ao servidor
[Thu Nov 28 11:28:23 2024] Client Started
[Thu Nov 28 11:28:23 2024] Client Config Loaded
[Thu Nov 28 11:28:23 2024] Socket criado com sucesso
[Thu Nov 28 11:28:23 2024] Conectado ao servidor
[Thu Nov 28 11:28:25 2024] Client Started
[Thu Nov 28 11:28:25 2024] Client Config Loaded
[Thu Nov 28 11:28:25 2024] Socket criado com sucesso
[Thu Nov 28 11:28:25 2024] Conectado ao servidor
[Thu Nov 28 11:28:27 2024] Client Started
[Thu Nov 28 11:28:27 2024] Client Config Loaded
[Thu Nov 28 11:28:27 2024] Socket criado com sucesso
[Thu Nov 28 11:28:27 2024] Conectado ao servidor
[Thu Nov 28 11:29:12 2024] Client Started
[Thu Nov 28 11:29:12 2024] Client Config Loaded
[Thu Nov 28 11:29:12 2024] Socket criado com sucesso
[Thu Nov 28 11:29:12 2024] Conectado ao servidor
[Thu Nov 28 11:29:13 2024] Client Started
[Thu Nov 28 11:29:13 2024] Client Config Loaded
[Thu Nov 28 11:29:13 2024] Socket criado com sucesso
[Thu Nov 28 11:29:13 2024] Conectado ao servidor
[Thu Nov 28 11:29:15 2024] Client Started
[Thu Nov 28 11:29:15 2024] Client Config Loaded
[Thu Nov 28 11:29:15 2024] Socket criado com sucesso
[Thu Nov 28 11:29:15 2024] Conectado ao servidor
[Thu Nov 28 11:30:41 2024] Client Started
[Thu Nov 28 11:30:41 2024] Client Config Loaded
[Thu Nov 28 11:30:41 2024] Socket criado com sucesso
[Thu Nov 28 11:30:41 2024] Conectado ao servidor
[Thu Nov 28 11:30:44 2024] Client Started
[Thu Nov 28 11:30:44 2024] Client Config Loaded
[Thu Nov 28 11:30:44 2024] Socket criado com sucesso
[Thu Nov 28 11:30:44 2024] Conectado ao servidor
[Thu Nov 28 11:30:46 2024] Client Started
[Thu Nov 28 11:30:46 2024] Client Config Loaded
[Thu Nov 28 11:30:46 2024] Socket criado com sucesso
[Thu Nov 28 11:30:46 2024] Conectado ao servidor
[Thu Nov 28 11:31:33 2024] Client Started
[Thu Nov 28 11:31:33 2024] Client Config Loaded
[Thu Nov 28 11:31:33 2024] Socket criado com sucesso
[Thu Nov 28 11:31:33 2024] Conectado ao servidor
[Thu Nov 28 11:33:06 2024] Client Started
[Thu Nov 28 11:33:06 2024] Client Config Loaded
[Thu Nov 28 11:33:06 2024] Socket criado com sucesso
[Thu Nov 28 11:33:06 2024] Conectado ao servidor
[Thu Nov 28 11:33:07 2024] Client Started
[Thu Nov 28 11:33:07 2024] Client Config Loaded
[Thu Nov 28 11:33:07 2024] Socket criado com sucesso
[Thu Nov 28 11:33:07 2024] Conectado ao servidor
[Thu Nov 28 11:33:12 2024] Client Started
[Thu Nov 28 11:33:12 2024] Client Config Loaded
[Thu Nov 28 11:33:12 2024] Socket criado com sucesso
[Thu Nov 28 11:33:12 2024] Conectado ao servidor
[Thu Nov 28 12:08:52 2024] Client Started
[Thu Nov 28 12:08:52 2024] Client Config Loaded
[Thu Nov 28 12:08:52 2024] Socket criado com sucesso
[Thu Nov 28 12:08:52 2024] Conectado ao servidor
[Thu Nov 28 12:10:37 2024] Client Started
[Thu Nov 28 12:10:37 2024] Client Config Loaded
[Thu Nov 28 12:10:37 2024] Socket criado com sucesso
[Thu Nov 28 12:10:37 2024] Conectado ao servidor
[Thu Nov 28 12:10:49 2024] Client Started
[Thu Nov 28 12:10:49 2024] Client Config Loaded
[Thu Nov 28 12:10:49 2024] Socket criado com sucesso
[Thu Nov 28 12:10:49 2024] Conectado ao servidor
[Thu Nov 28 12:11:01 2024] Client Started
[Thu Nov 28 12:11:01 2024] Client Config Loaded
[Thu Nov 28 12:11:01 2024] Socket criado com sucesso
[Thu Nov 28 12:11:01 2024] Conectado ao servidor
[Thu Nov 28 12:11:38 2024] Client Started
[Thu Nov 28 12:11:38 2024] Client Config Loaded
[Thu Nov 28 12:11:38 2024] Socket criado com sucesso
[Thu Nov 28 12:11:38 2024] Conectado ao servidor
[Thu Nov 28 12:13:18 2024] Client Started
[Thu Nov 28 12:13:18 2024] Client Config Loaded
[Thu Nov 28 12:13:18 2024] Socket criado com sucesso
[Thu Nov 28 12:13:18 2024] Conectado ao servidor
[Thu Nov 28 12:13:51 2024] Client Started
[Thu Nov 28 12:13:51 2024] Client Config Loaded
[Thu Nov 28 12:13:51 2024] Socket criado com sucesso
[Thu Nov 28 12:13:51 2024] Conectado ao servidor
[Thu Nov 28 12:14:51 2024] Client Started
[Thu Nov 28 12:14:51 2024] Client Config Loaded
[Thu Nov 28 12:14:51 2024] Socket criado com sucesso
[Thu Nov 28 12:14:51 2024] Conectado ao servidor
[Thu Nov 28 12:16:01 2024] Client Started
[Thu Nov 28 12:16:01 2024] Client Config Loaded
[Thu Nov 28 12:16:01 2024] Socket criado com sucesso
[Thu Nov 28 12:16:01 2024] Conectado ao servidor
[Thu Nov 28 12:29:30 2024] Client Started
[Thu Nov 28 12:29:30 2024] Client Config Loaded
[Thu Nov 28 12:29:30 2024] Socket criado com sucesso
[Thu Nov 28 12:29:30 2024] Conectado ao servidor
[Thu Nov 28 12:30:36 2024] Client Started
[Thu Nov 28 12:30:36 2024] Client Config Loaded
[Thu Nov 28 12:30:36 2024] Socket criado com sucesso
[Thu Nov 28 12:30:36 2024] Conectado ao servidor
[Thu Nov 28 12:32:10 2024] Client Started
[Thu Nov 28 12:32:10 2024] Client Config Loaded
[Thu Nov 28 12:32:10 2024] Socket criado com sucesso
[Thu Nov 28 12:32:10 2024] Conectado ao servidor
[Thu Nov 28 12:33:37 2024] Client Started
[Thu Nov 28 12:33:37 2024] Client Config Loaded
[Thu Nov 28 12:33:37 2024] Socket criado com sucesso
[Thu Nov 28 12:33:37 2024] Conectado ao servidor
[Thu Nov 28 12:33:50 2024] Client Started
[Thu Nov 28 12:33:50 2024] Client Config Loaded
[Thu Nov 28 12:33:50 2024] Socket criado com sucesso
[Thu Nov 28 12:33:50 2024] Conectado ao servidor
[Thu Nov 28 12:34:27 2024] Client Started
[Thu Nov 28 12:34:27 2024] Client Config Loaded
[Thu Nov 28 12:34:27 2024] Socket criado com sucesso
[Thu Nov 28 12:34:27 2024] Conectado ao servidor
[Thu Nov 28 12:35:14 2024] Client Started
[Thu Nov 28 12:35:14 2024] Client Config Loaded
[Thu Nov 28 12:35:14 2024] Socket criado com sucesso
[Thu Nov 28 12:35:14 2024] Conectado ao servidor
[Thu Nov 28 12:36:13 2024] Client Started
[Thu Nov 28 12:36:13 2024] Client Config Loaded
[Thu Nov 28 12:36:13 2024] Socket criado com sucesso
[Thu Nov 28 12:36:13 2024] Conectado ao servidor
[Thu Nov 28 12:37:41 2024] Client Started
[Thu Nov 28 12:37:41 2024] Client Config Loaded
[Thu Nov 28 12:37:41 2024] Socket criado com sucesso
[Thu Nov 28 12:37:41 2024] Conectado ao servidor
[Thu Nov 28 12:41:50 2024] Client Started
[Thu Nov 28 12:41:50 2024] Client Config Loaded
[Thu Nov 28 12:41:50 2024] Socket criado com sucesso
[Thu Nov 28 12:41:50 2024] Conectado ao servidor
[Thu Nov 28 12:42:36 2024] Client Started
[Thu Nov 28 12:42:36 2024] Client Config Loaded
[Thu Nov 28 12:42:36 2024] Socket criado com sucesso
[Thu Nov 28 12:42:36 2024] Conectado ao servidor
[Thu Nov 28 12:43:36 2024] Client Started
[Thu Nov 28 12:43:36 2024] Client Config Loaded
[Thu Nov 28 12:43:36 2024] Socket criado com sucesso
[Thu Nov 28 12:43:36 2024] Conectado ao servidor
[Thu Nov 28 12:45:35 2024] Client Started
[Thu Nov 28 12:45:35 2024] Client Config Loaded
[Thu Nov 28 12:45:35 2024] Socket criado com sucesso
[Thu Nov 28 12:45:35 2024] Conectado ao servidor
[Thu Nov 28 12:50:34 2024] Client Started
[Thu Nov 28 12:50:34 2024] Client Config Loaded
[Thu Nov 28 12:50:34 2024] Socket criado com sucesso
[Thu Nov 28 12:50:34 2024] Conectado ao servidor
[Thu Nov 28 12:50:45 2024] Client Started
[Thu Nov 28 12:50:45 2024] Client Config Loaded
[Thu Nov 28 12:50:45 2024] Socket criado com sucesso
[Thu Nov 28 12:50:45 2024] Conectado ao servidor
[Thu Nov 28 12:51:18 2024] Client Started
[Thu Nov 28 12:51:18 2024] Client Config Loaded
[Thu Nov 28 12:51:18 2024] Socket criado com sucesso
[Thu Nov 28 12:51:18 2024] Conectado ao servidor
[Thu Nov 28 12:54:16 2024] Client Started
[Thu Nov 28 12:54:16 2024] Client Config Loaded
[Thu Nov 28 12:54:16 2024] Socket criado com sucesso
[Thu Nov 28 12:54:16 2024] Conectado ao servidor
[Thu Nov 28 12:55:06 2024] Client Started
[Thu Nov 28 12:55:06 2024] Client Config Loaded
[Thu Nov 28 12:55:06 2024] Socket criado com sucesso
[Thu Nov 28 12:55:06 2024] Conectado ao servidor
[Thu Nov 28 12:55:14 2024] Client Started
[Thu Nov 28 12:55:14 2024] Client Config Loaded
[Thu Nov 28 12:55:14 2024] Socket criado com sucesso
[Thu Nov 28 12:55:14 2024] Conectado ao servidor
[Thu Nov 28 12:55:22 2024] Client Started
[Thu Nov 28 12:55:22 2024] Client Config Loaded
[Thu Nov 28 12:55:22 2024] Socket criado com sucesso
[Thu Nov 28 12:55:22 2024] Conectado ao servidor
[Thu Nov 28 12:55:25 2024] Client Started
[Thu Nov 28 12:55:25 2024] Client Config Loaded
[Thu Nov 28 12:55:25 2024] Socket criado com sucesso
[Thu Nov 28 12:55:25 2024] Conectado ao servidor
[Thu Nov 28 12:55:36 2024] Client Started
[Thu Nov 28 12:55:36 2024] Client Config Loaded
[Thu Nov 28 12:55:36 2024] Socket criado com sucesso
[Thu Nov 28 12:55:36 2024] Conectado ao servidor
[Thu Nov 28 12:55:53 2024] Client Started
[Thu Nov 28 12:55:53 2024] Client Config Loaded
[Thu Nov 28 12:55:53 2024] Socket criado com sucesso
[Thu Nov 28 12:55:53 2024] Conectado ao servidor
[Thu Nov 28 12:55:57 2024] Client Started
[Thu Nov 28 12:55:57 2024] Client Config Loaded
[Thu Nov 28 12:55:57 2024] Socket criado com sucesso
[Thu Nov 28 12:55:57 2024] Conectado ao servidor
[Thu Nov 28 12:59:03 2024] Client Started
[Thu Nov 28 12:59:03 2024] Client Config Loaded
[Thu Nov 28 12:59:03 2024] Socket criado com sucesso
[Thu Nov 28 12:59:03 2024] Conectado ao servidor
[Thu Nov 28 12:59:12 2024] Client Started
[Thu Nov 28 12:59:12 2024] Client Config Loaded
[Thu Nov 28 12:59:12 2024] Socket criado com sucesso
[Thu Nov 28 12:59:12 2024] Conectado ao servidor
[Thu Nov 28 13:00:32 2024] Client Started
[Thu Nov 28 13:00:32 2024] Client Config Loaded
[Thu Nov 28 13:00:32 2024] Socket criado com sucesso
[Thu Nov 28 13:00:32 2024] Conectado ao servidor
[Thu Nov 28 13:00:36 2024] Client Started
[Thu Nov 28 13:00:36 2024] Client Config Loaded
[Thu Nov 28 13:00:36 2024] Socket criado com sucesso
[Thu Nov 28 13:00:36 2024] Conectado ao servidor
[Thu Nov 28 13:00:43 2024] Client Started
[Thu Nov 28 13:00:43 2024] Client Config Loaded
[Thu Nov 28 13:00:43 2024] Socket criado com sucesso
[Thu Nov 28 13:00:43 2024] Conectado ao servidor
[Thu Nov 28 13:01:03 2024] Client Started
[Thu Nov 28 13:01:03 2024] Client Config Loaded
[Thu Nov 28 13:01:03 2024] Socket criado com sucesso
[Thu Nov 28 13:01:03 2024] Conectado ao servidor
[Thu Nov 28 13:01:05 2024] Client Started
[Thu Nov 28 13:01:05 2024] Client Config Loaded
[Thu Nov 28 13:01:05 2024] Socket criado com sucesso
[Thu Nov 28 13:01:05 2024] Conectado ao servidor
[Thu Nov 28 13:01:11 2024] Client Started
[Thu Nov 28 13:01:11 2024] Client Config Loaded
[Thu Nov 28 13:01:11 2024] Socket criado com sucesso
[Thu Nov 28 13:01:11 2024] Conectado ao servidor
[Thu Nov 28 13:01:20 2024] Client Started
[Thu Nov 28 13:01:20 2024] Client Config Loaded
[Thu Nov 28 13:01:20 2024] Socket criado com sucesso
[Thu Nov 28 13:01:20 2024] Conectado ao servidor
[Thu Nov 28 13:01:25 2024] Client Started
[Thu Nov 28 13:01:25 2024] Client Config Loaded
[Thu Nov 28 13:01:25 2024] Socket criado com sucesso
[Thu Nov 28 13:01:25 2024] Conectado ao servidor
[Thu Nov 28 13:01:54 2024] Client Started
[Thu Nov 28 13:01:54 2024] Client Config Loaded
[Thu Nov 28 13:01:54 2024] Socket criado com sucesso
[Thu Nov 28 13:01:54 2024] Conectado ao servidor
[Thu Nov 28 13:01:56 2024] Client Started
[Thu Nov 28 13:01:56 2024] Client Config Loaded
[Thu Nov 28 13:01:56 2024] Socket criado com sucesso
[Thu Nov 28 13:01:56 2024] Conectado ao servidor
[Thu Nov 28 13:01:58 2024] Client Started
[Thu Nov 28 13:01:58 2024] Client Config Loaded
[Thu Nov 28 13:01:58 2024] Socket criado com sucesso
[Thu Nov 28 13:01:58 2024] Conectado ao servidor
[Thu Nov 28 13:02:31 2024] Client Started
[Thu Nov 28 13:02:31 2024] Client Config Loaded
[Thu Nov 28 13:02:31 2024] Socket criado com sucesso
[Thu Nov 28 13:02:31 2024] Conectado ao servidor
[Thu Nov 28 13:02:33 2024] Client Started
[Thu Nov 28 13:02:33 2024] Client Config Loaded
[Thu Nov 28 13:02:33 2024] Socket criado com sucesso
[Thu Nov 28 13:02:33 2024] Conectado ao servidor
[Thu Nov 28 13:02:34 2024] Client Started
[Thu Nov 28 13:02:34 2024] Client Config Loaded
[Thu Nov 28 13:02:34 2024] Socket criado com sucesso
[Thu Nov 28 13:02:34 2024] Conectado ao servidor
[Thu Nov 28 13:06:35 2024] Client Started
[Thu Nov 28 13:06:35 2024] Client Config Loaded
[Thu Nov 28 13:06:35 2024] Socket criado com sucesso
[Thu Nov 28 13:06:35 2024] Conectado ao servidor
[Thu Nov 28 13:06:37 2024] Client Started
[Thu Nov 28 13:06:37 2024] Client Config Loaded
[Thu Nov 28 13:06:37 2024] Socket criado com sucesso
[Thu Nov 28 13:06:37 2024] Conectado ao servidor
[Thu Nov 28 13:06:39 2024] Client Started
[Thu Nov 28 13:06:39 2024] Client Config Loaded
[Thu Nov 28 13:06:39 2024] Socket criado com sucesso
[Thu Nov 28 13:06:39 2024] Conectado ao servidor
[Thu Nov 28 13:11:59 2024] Client Started
[Thu Nov 28 13:11:59 2024] Client Config Loaded
[Thu Nov 28 13:11:59 2024] Socket criado com sucesso
[Thu Nov 28 13:11:59 2024] Conectado ao servidor
[Thu Nov 28 13:12:01 2024] Client Started
[Thu Nov 28 13:12:01 2024] Client Config Loaded
[Thu Nov 28 13:12:01 2024] Socket criado com sucesso
[Thu Nov 28 13:12:01 2024] Conectado ao servidor
[Thu Nov 28 13:12:03 2024] Client Started
[Thu Nov 28 13:12:03 2024] Client Config Loaded
[Thu Nov 28 13:12:03 2024] Socket criado com sucesso
[Thu Nov 28 13:12:03 2024] Conectado ao servidor
[Thu Nov 28 13:13:04 2024] Client Started
[Thu Nov 28 13:13:04 2024] Client Config Loaded
[Thu Nov 28 13:13:04 2024] Socket criado com sucesso
[Thu Nov 28 13:13:04 2024] Conectado ao servidor
[Thu Nov 28 13:13:06 2024] Client Started
[Thu Nov 28 13:13:06 2024] Client Config Loaded
[Thu Nov 28 13:13:06 2024] Socket criado com sucesso
[Thu Nov 28 13:13:06 2024] Conectado ao servidor
[Thu Nov 28 13:13:07 2024] Client Started
[Thu Nov 28 13:13:07 2024] Client Config Loaded
[Thu Nov 28 13:13:07 2024] Socket criado com sucesso
[Thu Nov 28 13:13:07 2024] Conectado ao servidor
[Thu Nov 28 13:13:57 2024] Client Started
[Thu Nov 28 13:13:57 2024] Client Config Loaded
[Thu Nov 28 13:13:57 2024] Socket criado com sucesso
[Thu Nov 28 13:13:57 2024] Conectado ao servidor
[Thu Nov 28 13:14:11 2024] Client Started
[Thu Nov 28 13:14:11 2024] Client Config Loaded
[Thu Nov 28 13:14:11 2024] Socket criado com sucesso
[Thu Nov 28 13:14:11 2024] Conectado ao servidor
[Thu Nov 28 15:52:44 2024] Client Started
[Thu Nov 28 15:52:44 2024] Client Config Loaded
[Thu Nov 28 15:52:44 2024] Socket criado com sucesso
[Thu Nov 28 15:52:44 2024] Conectado ao servidor
[Thu Nov 28 15:52:51 2024] Client Started
[Thu Nov 28 15:52:51 2024] Client Config Loaded
[Thu Nov 28 15:52:51 2024] Socket criado com sucesso
[Thu Nov 28 15:52:51 2024] Conexão falhou! EXIT

[Thu Nov 28 15:53:42 2024] Client Started
[Thu Nov 28 15:53:42 2024] Client Config Loaded
[Thu Nov 28 15:53:42 2024] Socket criado com sucesso
[Thu Nov 28 15:53:42 2024] Conectado ao servidor
[Thu Nov 28 15:57:07 2024] Client Started
[Thu Nov 28 15:57:07 2024] Client Config Loaded
[Thu Nov 28 15:57:07 2024] Socket criado com sucesso
[Thu Nov 28 15:57:07 2024] Conectado ao servidor
[Thu Nov 28 15:58:20 2024] Client Started
[Thu Nov 28 15:58:20 2024] Client Config Loaded
[Thu Nov 28 15:58:20 2024] Socket criado com sucesso
[Thu Nov 28 15:58:20 2024] Conectado ao servidor
[Thu Nov 28 15:59:25 2024] Client Started
[Thu Nov 28 15:59:25 2024] Client Config Loaded
[Thu Nov 28 15:59:25 2024] Socket criado com sucesso
[Thu Nov 28 15:59:25 2024] Conectado ao servidor
[Thu Nov 28 16:00:39 2024] Client Started
[Thu Nov 28 16:00:39 2024] Client Config Loaded
[Thu Nov 28 16:00:39 2024] Socket criado com sucesso
[Thu Nov 28 16:00:39 2024] Conectado ao servidor
[Thu Nov 28 16:04:18 2024] Client Started
[Thu Nov 28 16:04:18 2024] Client Config Loaded
[Thu Nov 28 16:04:18 2024] Socket criado com sucesso
[Thu Nov 28 16:04:18 2024] Conectado ao servidor
[Thu Nov 28 16:04:46 2024] Client Started
[Thu Nov 28 16:04:46 2024] Client Config Loaded
[Thu Nov 28 16:04:46 2024] Socket criado com sucesso
[Thu Nov 28 16:04:46 2024] Conectado ao servidor
[Thu Nov 28 16:05:14 2024] Client Started
[Thu Nov 28 16:05:14 2024] Client Config Loaded
[Thu Nov 28 16:05:14 2024] Socket criado com sucesso
[Thu Nov 28 16:05:14 2024] Conectado ao servidor
[Thu Nov 28 16:05:38 2024] Client Started
[Thu Nov 28 16:05:38 2024] Client Config Loaded
[Thu Nov 28 16:05:38 2024] Socket criado com sucesso
[Thu Nov 28 16:05:38 2024] Conectado ao servidor
[Thu Nov 28 16:05:45 2024] Client Started
[Thu Nov 28 16:05:45 2024] Client Config Loaded
[Thu Nov 28 16:05:45 2024] Socket criado com sucesso
[Thu Nov 28 16:05:45 2024] Conectado ao servidor
[Thu Nov 28 16:05:48 2024] Client Started
[Thu Nov 28 16:05:48 2024] Client Config Loaded
[Thu Nov 28 16:05:48 2024] Socket criado com sucesso
[Thu Nov 28 16:05:48 2024] Conectado ao servidor
[Thu Nov 28 16:05:52 2024] Client Started
[Thu Nov 28 16:05:52 2024] Client Config Loaded
[Thu Nov 28 16:05:52 2024] Socket criado com sucesso
[Thu Nov 28 16:05:52 2024] Conectado ao servidor
[Thu Nov 28 16:05:55 2024] Client Started
[Thu Nov 28 16:05:55 2024] Client Config Loaded
[Thu Nov 28 16:05:55 2024] Socket criado com sucesso
[Thu Nov 28 16:05:55 2024] Conectado ao servidor
[Thu Nov 28 16:05:59 2024] Client Started
[Thu Nov 28 16:05:59 2024] Client Config Loaded
[Thu Nov 28 16:05:59 2024] Socket criado com sucesso
[Thu Nov 28 16:05:59 2024] Conectado ao servidor
[Thu Nov 28 16:06:32 2024] Client Started
[Thu Nov 28 16:06:32 2024] Client Config Loaded
[Thu Nov 28 16:06:32 2024] Socket criado com sucesso
[Thu Nov 28 16:06:32 2024] Conectado ao servidor
[Thu Nov 28 16:06:34 2024] Client Started
[Thu Nov 28 16:06:34 2024] Client Config Loaded
[Thu Nov 28 16:06:34 2024] Socket criado com sucesso
[Thu Nov 28 16:06:34 2024] Conectado ao servidor
[Thu Nov 28 16:06:35 2024] Client Started
[Thu Nov 28 16:06:35 2024] Client Config Loaded
[Thu Nov 28 16:06:35 2024] Socket criado com sucesso
[Thu Nov 28 16:06:35 2024] Conectado ao servidor
[Thu Nov 28 16:06:37 2024] Client Started
[Thu Nov 28 16:06:37 2024] Client Config Loaded
[Thu Nov 28 16:06:37 2024] Socket criado com sucesso
[Thu Nov 28 16:06:37 2024] Conectado ao servidor
[Thu Nov 28 16:06:38 2024] Client Started
[Thu Nov 28 16:06:38 2024] Client Config Loaded
[Thu Nov 28 16:06:38 2024] Socket criado com sucesso
[Thu Nov 28 16:06:38 2024] Conectado ao servidor
[Thu Nov 28 16:06:40 2024] Client Started
[Thu Nov 28 16:06:40 2024] Client Config Loaded
[Thu Nov 28 16:06:40 2024] Socket criado com sucesso
[Thu Nov 28 16:06:40 2024] Conectado ao servidor
[Thu Nov 28 16:08:41 2024] Client Started
[Thu Nov 28 16:08:41 2024] Client Config Loaded
[Thu Nov 28 16:08:41 2024] Socket criado com sucesso
[Thu Nov 28 16:08:41 2024] Conectado ao servidor
[Thu Nov 28 16:08:43 2024] Client Started
[Thu Nov 28 16:08:43 2024] Client Config Loaded
[Thu Nov 28 16:08:43 2024] Socket criado com sucesso
[Thu Nov 28 16:08:43 2024] Conectado ao servidor
[Thu Nov 28 16:08:44 2024] Client Started
[Thu Nov 28 16:08:44 2024] Client Config Loaded
[Thu Nov 28 16:08:44 2024] Socket criado com sucesso
[Thu Nov 28 16:08:44 2024] Conectado ao servidor
[Thu Nov 28 16:08:45 2024] Client Started
[Thu Nov 28 16:08:45 2024] Client Config Loaded
[Thu Nov 28 16:08:45 2024] Socket criado com sucesso
[Thu Nov 28 16:08:45 2024] Conectado ao servidor
[Thu Nov 28 16:08:47 2024] Client Started
[Thu Nov 28 16:08:47 2024] Client Config Loaded
[Thu Nov 28 16:08:47 2024] Socket criado com sucesso
[Thu Nov 28 16:08:47 2024] Conectado ao servidor
[Thu Nov 28 16:08:48 2024] Client Started
[Thu Nov 28 16:08:48 2024] Client Config Loaded
[Thu Nov 28 16:08:48 2024] Socket criado com sucesso
[Thu Nov 28 16:08:48 2024] Conectado ao servidor
[Thu Nov 28 16:10:26 2024] Client Started
[Thu Nov 28 16:10:26 2024] Client Config Loaded
[Thu Nov 28 16:10:26 2024] Socket criado com sucesso
[Thu Nov 28 16:10:26 2024] Conectado ao servidor
[Thu Nov 28 16:10:27 2024] Client Started
[Thu Nov 28 16:10:27 2024] Client Config Loaded
[Thu Nov 28 16:10:27 2024] Socket criado com sucesso
[Thu Nov 28 16:10:27 2024] Conectado ao servidor
[Thu Nov 28 16:10:28 2024] Client Started
[Thu Nov 28 16:10:28 2024] Client Config Loaded
[Thu Nov 28 16:10:28 2024] Socket criado com sucesso
[Thu Nov 28 16:10:28 2024] Conectado ao servidor
[Thu Nov 28 16:10:30 2024] Client Started
[Thu Nov 28 16:10:30 2024] Client Config Loaded
[Thu Nov 28 16:10:30 2024] Socket criado com sucesso
[Thu Nov 28 16:10:30 2024] Conectado ao servidor
[Thu Nov 28 16:10:31 2024] Client Started
[Thu Nov 28 16:10:31 2024] Client Config Loaded
[Thu Nov 28 16:10:31 2024] Socket criado com sucesso
[Thu Nov 28 16:10:31 2024] Conectado ao servidor
[Thu Nov 28 16:10:32 2024] Client Started
[Thu Nov 28 16:10:32 2024] Client Config Loaded
[Thu Nov 28 16:10:32 2024] Socket criado com sucesso
[Thu Nov 28 16:10:32 2024] Conectado ao servidor
[Thu Nov 28 16:11:38 2024] Client Started
[Thu Nov 28 16:11:38 2024] Client Config Loaded
[Thu Nov 28 16:11:38 2024] Socket criado com sucesso
[Thu Nov 28 16:11:38 2024] Conectado ao servidor
[Thu Nov 28 16:11:47 2024] Client Started
[Thu Nov 28 16:11:47 2024] Client Config Loaded
[Thu Nov 28 16:11:47 2024] Socket criado com sucesso
[Thu Nov 28 16:11:47 2024] Conectado ao servidor
[Thu Nov 28 16:11:48 2024] Client Started
[Thu Nov 28 16:11:48 2024] Client Config Loaded
[Thu Nov 28 16:11:48 2024] Socket criado com sucesso
[Thu Nov 28 16:11:48 2024] Conectado ao servidor
[Thu Nov 28 16:18:07 2024] Client Started
[Thu Nov 28 16:18:07 2024] Client Config Loaded
[Thu Nov 28 16:18:07 2024] Socket criado com sucesso
[Thu Nov 28 16:18:07 2024] Conectado ao servidor
[Thu Nov 28 16:18:09 2024] Client Started
[Thu Nov 28 16:18:09 2024] Client Config Loaded
[Thu Nov 28 16:18:09 2024] Socket criado com sucesso
[Thu Nov 28 16:18:09 2024] Conectado ao servidor
[Thu Nov 28 16:20:35 2024] Client Started
[Thu Nov 28 16:20:35 2024] Client Config Loaded
[Thu Nov 28 16:20:35 2024] Socket criado com sucesso
[Thu Nov 28 16:20:35 2024] Conectado ao servidor
[Thu Nov 28 16:20:36 2024] Client Started
[Thu Nov 28 16:20:36 2024] Client Config Loaded
[Thu Nov 28 16:20:36 2024] Socket criado com sucesso
[Thu Nov 28 16:20:36 2024] Conectado ao servidor
[Thu Nov 28 16:21:57 2024] Client Started
[Thu Nov 28 16:21:57 2024] Client Config Loaded
[Thu Nov 28 16:21:57 2024] Socket criado com sucesso
[Thu Nov 28 16:21:57 2024] Conectado ao servidor
[Thu Nov 28 16:21:58 2024] Client Started
[Thu Nov 28 16:21:58 2024] Client Config Loaded
[Thu Nov 28 16:21:58 2024] Socket criado com sucesso
[Thu Nov 28 16:21:58 2024] Conectado ao servidor
[Thu Nov 28 16:22:29 2024] Client Started
[Thu Nov 28 16:22:29 2024] Client Config Loaded
[Thu Nov 28 16:22:29 2024] Socket criado com sucesso
[Thu Nov 28 16:22:29 2024] Conectado ao servidor
[Thu Nov 28 16:22:30 2024] Client Started
[Thu Nov 28 16:22:30 2024] Client Config Loaded
[Thu Nov 28 16:22:30 2024] Socket criado com sucesso
[Thu Nov 28 16:22:30 2024] Conectado ao servidor
[Thu Nov 28 16:23:00 2024] Client Started
[Thu Nov 28 16:23:00 2024] Client Config Loaded
[Thu Nov 28 16:23:00 2024] Socket criado com sucesso
[Thu Nov 28 16:23:00 2024] Conectado ao servidor
[Thu Nov 28 16:23:02 2024] Client Started
[Thu Nov 28 16:23:02 2024] Client Config Loaded
[Thu Nov 28 16:23:02 2024] Socket criado com sucesso
[Thu Nov 28 16:23:02 2024] Conectado ao servidor
[Thu Nov 28 16:26:35 2024] Client Started
[Thu Nov 28 16:26:35 2024] Client Config Loaded
[Thu Nov 28 16:26:35 2024] Socket criado com sucesso
[Thu Nov 28 16:26:35 2024] Conectado ao servidor
[Thu Nov 28 16:26:36 2024] Client Started
[Thu Nov 28 16:26:36 2024] Client Config Loaded
[Thu Nov 28 16:26:36 2024] Socket criado com sucesso
[Thu Nov 28 16:26:36 2024] Conectado ao servidor
[Thu Nov 28 16:41:07 2024] Client Started
[Thu Nov 28 16:41:07 2024] Client Config Loaded
[Thu Nov 28 16:41:07 2024] Socket criado com sucesso
[Thu Nov 28 16:41:07 2024] Conectado ao servidor
[Thu Nov 28 16:41:08 2024] Client Started
[Thu Nov 28 16:41:08 2024] Client Config Loaded
[Thu Nov 28 16:41:08 2024] Socket criado com sucesso
[Thu Nov 28 16:41:08 2024] Conectado ao servidor
[Thu Nov 28 16:44:01 2024] Client Started
[Thu Nov 28 16:44:01 2024] Client Config Loaded
[Thu Nov 28 16:44:01 2024] Socket criado com sucesso
[Thu Nov 28 16:44:01 2024] Conectado ao servidor
[Thu Nov 28 16:44:02 2024] Client Started
[Thu Nov 28 16:44:02 2024] Client Config Loaded
[Thu Nov 28 16:44:02 2024] Socket criado com sucesso
[Thu Nov 28 16:44:02 2024] Conectado ao servidor
[Thu Nov 28 16:44:25 2024] Client Started
[Thu Nov 28 16:44:25 2024] Client Config Loaded
[Thu Nov 28 16:44:25 2024] Socket criado com sucesso
[Thu Nov 28 16:44:25 2024] Conectado ao servidor
[Thu Nov 28 16:44:27 2024] Client Started
[Thu Nov 28 16:44:27 2024] Client Config Loaded
[Thu Nov 28 16:44:27 2024] Socket criado com sucesso
[Thu Nov 28 16:44:27 2024] Conectado ao servidor
[Thu Nov 28 16:48:23 2024] Client Started
[Thu Nov 28 16:48:23 2024] Client Config Loaded
[Thu Nov 28 16:48:23 2024] Socket criado com sucesso
[Thu Nov 28 16:48:23 2024] Conectado ao servidor
[Thu Nov 28 16:48:24 2024] Client Started
[Thu Nov 28 16:48:24 2024] Client Config Loaded
[Thu Nov 28 16:48:24 2024] Socket criado com sucesso
[Thu Nov 28 16:48:24 2024] Conectado ao servidor
[Thu Nov 28 16:50:24 2024] Client Started
[Thu Nov 28 16:50:24 2024] Client Config Loaded
[Thu Nov 28 16:50:24 2024] Socket criado com sucesso
[Thu Nov 28 16:50:24 2024] Conectado ao servidor
[Thu Nov 28 16:50:25 2024] Client Started
[Thu Nov 28 16:50:25 2024] Client Config Loaded
[Thu Nov 28 16:50:25 2024] Socket criado com sucesso
[Thu Nov 28 16:50:25 2024] Conectado ao servidor
[Thu Nov 28 18:10:59 2024] Client Started
[Thu Nov 28 18:10:59 2024] Client Config Loaded
[Thu Nov 28 18:10:59 2024] Socket criado com sucesso
[Thu Nov 28 18:10:59 2024] Conectado ao servidor
[Thu Nov 28 18:11:01 2024] Client Started
[Thu Nov 28 18:11:01 2024] Client Config Loaded
[Thu Nov 28 18:11:01 2024] Socket criado com sucesso
[Thu Nov 28 18:11:01 2024] Conectado ao servidor
[Thu Nov 28 18:11:02 2024] Client Started
[Thu Nov 28 18:11:02 2024] Client Config Loaded
[Thu Nov 28 18:11:02 2024] Socket criado com sucesso
[Thu Nov 28 18:11:02 2024] Conectado ao servidor
[Thu Nov 28 18:12:00 2024] Client Started
[Thu Nov 28 18:12:00 2024] Client Config Loaded
[Thu Nov 28 18:12:00 2024] Socket criado com sucesso
[Thu Nov 28 18:12:00 2024] Conectado ao servidor
[Thu Nov 28 18:12:01 2024] Client Started
[Thu Nov 28 18:12:01 2024] Client Config Loaded
[Thu Nov 28 18:12:01 2024] Socket criado com sucesso
[Thu Nov 28 18:12:01 2024] Conectado ao servidor
[Thu Nov 28 18:12:03 2024] Client Started
[Thu Nov 28 18:12:03 2024] Client Config Loaded
[Thu Nov 28 18:12:03 2024] Socket criado com sucesso
[Thu Nov 28 18:12:03 2024] Conectado ao servidor
[Thu Nov 28 18:12:05 2024] Client Started
[Thu Nov 28 18:12:05 2024] Client Config Loaded
[Thu Nov 28 18:12:05 2024] Socket criado com sucesso
[Thu Nov 28 18:12:05 2024] Conectado ao servidor
[Thu Nov 28 18:12:07 2024] Client Started
[Thu Nov 28 18:12:07 2024] Client Config Loaded
[Thu Nov 28 18:12:07 2024] Socket criado com sucesso
[Thu Nov 28 18:12:07 2024] Conectado ao servidor
[Thu Nov 28 18:12:08 2024] Client Started
[Thu Nov 28 18:12:08 2024] Client Config Loaded
[Thu Nov 28 18:12:08 2024] Socket criado com sucesso
[Thu Nov 28 18:12:08 2024] Conectado ao servidor
[Thu Nov 28 18:13:12 2024] Client Started
[Thu Nov 28 18:13:12 2024] Client Config Loaded
[Thu Nov 28 18:13:12 2024] Socket criado com sucesso
[Thu Nov 28 18:13:12 2024] Conectado ao servidor
[Thu Nov 28 18:13:16 2024] Client Started
[Thu Nov 28 18:13:16 2024] Client Config Loaded
[Thu Nov 28 18:13:16 2024] Socket criado com sucesso
[Thu Nov 28 18:13:16 2024] Conectado ao servidor
[Thu Nov 28 18:13:17 2024] Client Started
[Thu Nov 28 18:13:17 2024] Client Config Loaded
[Thu Nov 28 18:13:17 2024] Socket criado com sucesso
[Thu Nov 28 18:13:17 2024] Conectado ao servidor
[Thu Nov 28 18:13:19 2024] Client Started
[Thu Nov 28 18:13:19 2024] Client Config Loaded
[Thu Nov 28 18:13:19 2024] Socket criado com sucesso
[Thu Nov 28 18:13:19 2024] Conectado ao servidor
[Thu Nov 28 18:13:20 2024] Client Started
[Thu Nov 28 18:13:20 2024] Client Config Loaded
[Thu Nov 28 18:13:20 2024] Socket criado com sucesso
[Thu Nov 28 18:13:20 2024] Conectado ao servidor
[Thu Nov 28 18:13:23 2024] Client Started
[Thu Nov 28 18:13:23 2024] Client Config Loaded
[Thu Nov 28 18:13:23 2024] Socket criado com sucesso
[Thu Nov 28 18:13:23 2024] Conectado ao servidor
[Thu Nov 28 18:13:55 2024] Client Started
[Thu Nov 28 18:13:55 2024] Client Config Loaded
[Thu Nov 28 18:13:55 2024] Socket criado com sucesso
[Thu Nov 28 18:13:55 2024] Conectado ao servidor
[Thu Nov 28 18:13:56 2024] Client Started
[Thu Nov 28 18:13:56 2024] Client Config Loaded
[Thu Nov 28 18:13:56 2024] Socket criado com sucesso
[Thu Nov 28 18:13:56 2024] Conectado ao servidor
[Thu Nov 28 18:13:57 2024] Client Started
[Thu Nov 28 18:13:57 2024] Client Config Loaded
[Thu Nov 28 18:13:57 2024] Socket criado com sucesso
[Thu Nov 28 18:13:57 2024] Conectado ao servidor
[Thu Nov 28 18:13:58 2024] Client Started
[Thu Nov 28 18:13:58 2024] Client Config Loaded
[Thu Nov 28 18:13:58 2024] Socket criado com sucesso
[Thu Nov 28 18:13:58 2024] Conectado ao servidor
[Thu Nov 28 18:14:00 2024] Client Started
[Thu Nov 28 18:14:00 2024] Client Config Loaded
[Thu Nov 28 18:14:00 2024] Socket criado com sucesso
[Thu Nov 28 18:14:00 2024] Conectado ao servidor
[Thu Nov 28 18:14:04 2024] Client Started
[Thu Nov 28 18:14:04 2024] Client Config Loaded
[Thu Nov 28 18:14:04 2024] Socket criado com sucesso
[Thu Nov 28 18:14:04 2024] Conectado ao servidor
[Thu Nov 28 18:15:13 2024] Client Started
[Thu Nov 28 18:15:13 2024] Client Config Loaded
[Thu Nov 28 18:15:13 2024] Socket criado com sucesso
[Thu Nov 28 18:15:13 2024] Conectado ao servidor
[Thu Nov 28 18:15:14 2024] Client Started
[Thu Nov 28 18:15:14 2024] Client Config Loaded
[Thu Nov 28 18:15:14 2024] Socket criado com sucesso
[Thu Nov 28 18:15:14 2024] Conectado ao servidor
[Thu Nov 28 18:15:16 2024] Client Started
[Thu Nov 28 18:15:16 2024] Client Config Loaded
[Thu Nov 28 18:15:16 2024] Socket criado com sucesso
[Thu Nov 28 18:15:16 2024] Conectado ao servidor
[Thu Nov 28 18:15:17 2024] Client Started
[Thu Nov 28 18:15:17 2024] Client Config Loaded
[Thu Nov 28 18:15:17 2024] Socket criado com sucesso
[Thu Nov 28 18:15:17 2024] Conectado ao servidor
[Thu Nov 28 18:15:19 2024] Client Started
[Thu Nov 28 18:15:19 2024] Client Config Loaded
[Thu Nov 28 18:15:19 2024] Socket criado com sucesso
[Thu Nov 28 18:15:19 2024] Conectado ao servidor
[Thu Nov 28 18:15:20 2024] Client Started
[Thu Nov 28 18:15:20 2024] Client Config Loaded
[Thu Nov 28 18:15:20 2024] Socket criado com sucesso
[Thu Nov 28 18:15:20 2024] Conectado ao servidor
[Thu Nov 28 18:17:27 2024] Client Started
[Thu Nov 28 18:17:27 2024] Client Config Loaded
[Thu Nov 28 18:17:27 2024] Socket criado com sucesso
[Thu Nov 28 18:17:27 2024] Conectado ao servidor
[Thu Nov 28 18:17:28 2024] Client Started
[Thu Nov 28 18:17:28 2024] Client Config Loaded
[Thu Nov 28 18:17:28 2024] Socket criado com sucesso
[Thu Nov 28 18:17:28 2024] Conectado ao servidor
[Thu Nov 28 18:17:31 2024] Client Started
[Thu Nov 28 18:17:31 2024] Client Config Loaded
[Thu Nov 28 18:17:31 2024] Socket criado com sucesso
[Thu Nov 28 18:17:31 2024] Conectado ao servidor
[Thu Nov 28 18:17:34 2024] Client Started
[Thu Nov 28 18:17:34 2024] Client Config Loaded
[Thu Nov 28 18:17:34 2024] Socket criado com sucesso
[Thu Nov 28 18:17:34 2024] Conectado ao servidor
[Thu Nov 28 18:17:35 2024] Client Started
[Thu Nov 28 18:17:35 2024] Client Config Loaded
[Thu Nov 28 18:17:35 2024] Socket criado com sucesso
[Thu Nov 28 18:17:35 2024] Conectado ao servidor
[Thu Nov 28 18:17:36 2024] Client Started
[Thu Nov 28 18:17:36 2024] Client Config Loaded
[Thu Nov 28 18:17:36 2024] Socket criado com sucesso
[Thu Nov 28 18:17:36 2024] Conectado ao servidor
[Thu Nov 28 18:19:09 2024] Client Started
[Thu Nov 28 18:19:09 2024] Client Config Loaded
[Thu Nov 28 18:19:09 2024] Socket criado com sucesso
[Thu Nov 28 18:19:09 2024] Conectado ao servidor
[Thu Nov 28 18:19:11 2024] Client Started
[Thu Nov 28 18:19:11 2024] Client Config Loaded
[Thu Nov 28 18:19:11 2024] Socket criado com sucesso
[Thu Nov 28 18:19:11 2024] Conectado ao servidor
[Thu Nov 28 18:19:12 2024] Client Started
[Thu Nov 28 18:19:12 2024] Client Config Loaded
[Thu Nov 28 18:19:12 2024] Socket criado com sucesso
[Thu Nov 28 18:19:12 2024] Conectado ao servidor
[Thu Nov 28 18:20:10 2024] Client Started
[Thu Nov 28 18:20:10 2024] Client Config Loaded
[Thu Nov 28 18:20:10 2024] Socket criado com sucesso
[Thu Nov 28 18:20:10 2024] Conectado ao servidor
[Thu Nov 28 18:20:11 2024] Client Started
[Thu Nov 28 18:20:11 2024] Client Config Loaded
[Thu Nov 28 18:20:11 2024] Socket criado com sucesso
[Thu Nov 28 18:20:11 2024] Conectado ao servidor
[Thu Nov 28 18:20:12 2024] Client Started
[Thu Nov 28 18:20:12 2024] Client Config Loaded
[Thu Nov 28 18:20:12 2024] Socket criado com sucesso
[Thu Nov 28 18:20:12 2024] Conectado ao servidor
[Thu Nov 28 18:20:14 2024] Client Started
[Thu Nov 28 18:20:14 2024] Client Config Loaded
[Thu Nov 28 18:20:14 2024] Socket criado com sucesso
[Thu Nov 28 18:20:14 2024] Conectado ao servidor
[Thu Nov 28 18:20:15 2024] Client Started
[Thu Nov 28 18:20:15 2024] Client Config Loaded
[Thu Nov 28 18:20:15 2024] Socket criado com sucesso
[Thu Nov 28 18:20:15 2024] Conectado ao servidor
[Thu Nov 28 18:20:16 2024] Client Started
[Thu Nov 28 18:20:16 2024] Client Config Loaded
[Thu Nov 28 18:20:16 2024] Socket criado com sucesso
[Thu Nov 28 18:20:16 2024] Conectado ao servidor
[Thu Nov 28 18:21:14 2024] Client Started
[Thu Nov 28 18:21:14 2024] Client Config Loaded
[Thu Nov 28 18:21:14 2024] Socket criado com sucesso
[Thu Nov 28 18:21:14 2024] Conectado ao servidor
[Thu Nov 28 18:21:16 2024] Client Started
[Thu Nov 28 18:21:16 2024] Client Config Loaded
[Thu Nov 28 18:21:16 2024] Socket criado com sucesso
[Thu Nov 28 18:21:16 2024] Conectado ao servidor
[Thu Nov 28 18:21:17 2024] Client Started
[Thu Nov 28 18:21:17 2024] Client Config Loaded
[Thu Nov 28 18:21:17 2024] Socket criado com sucesso
[Thu Nov 28 18:21:17 2024] Conectado ao servidor
[Thu Nov 28 18:21:18 2024] Client Started
[Thu Nov 28 18:21:18 2024] Client Config Loaded
[Thu Nov 28 18:21:18 2024] Socket criado com sucesso
[Thu Nov 28 18:21:18 2024] Conectado ao servidor
[Thu Nov 28 18:21:20 2024] Client Started
[Thu Nov 28 18:21:20 2024] Client Config Loaded
[Thu Nov 28 18:21:20 2024] Socket criado com sucesso
[Thu Nov 28 18:21:20 2024] Conectado ao servidor
[Thu Nov 28 18:21:21 2024] Client Started
[Thu Nov 28 18:21:21 2024] Client Config Loaded
[Thu Nov 28 18:21:21 2024] Socket criado com sucesso
[Thu Nov 28 18:21:21 2024] Conectado ao servidor
[Thu Nov 28 18:21:33 2024] Client Started
[Thu Nov 28 18:21:33 2024] Client Config Loaded
[Thu Nov 28 18:21:33 2024] Socket criado com sucesso
[Thu Nov 28 18:21:33 2024] Conectado ao servidor
[Thu Nov 28 18:21:34 2024] Client Started
[Thu Nov 28 18:21:34 2024] Client Config Loaded
[Thu Nov 28 18:21:34 2024] Socket criado com sucesso
[Thu Nov 28 18:21:34 2024] Conectado ao servidor
[Thu Nov 28 18:21:36 2024] Client Started
[Thu Nov 28 18:21:36 2024] Client Config Loaded
[Thu Nov 28 18:21:36 2024] Socket criado com sucesso
[Thu Nov 28 18:21:36 2024] Conectado ao servidor
[Thu Nov 28 18:21:37 2024] Client Started
[Thu Nov 28 18:21:37 2024] Client Config Loaded
[Thu Nov 28 18:21:37 2024] Socket criado com sucesso
[Thu Nov 28 18:21:37 2024] Conectado ao servidor
[Thu Nov 28 18:21:38 2024] Client Started
[Thu Nov 28 18:21:38 2024] Client Config Loaded
[Thu Nov 28 18:21:38 2024] Socket criado com sucesso
[Thu Nov 28 18:21:38 2024] Conectado ao servidor
[Thu Nov 28 18:21:40 2024] Client Started
[Thu Nov 28 18:21:40 2024] Client Config Loaded
[Thu Nov 28 18:21:40 2024] Socket criado com sucesso
[Thu Nov 28 18:21:40 2024] Conectado ao servidor
[Thu Nov 28 18:22:57 2024] Client Started
[Thu Nov 28 18:22:57 2024] Client Config Loaded
[Thu Nov 28 18:22:57 2024] Socket criado com sucesso
[Thu Nov 28 18:22:57 2024] Conectado ao servidor
[Thu Nov 28 18:22:59 2024] Client Started
[Thu Nov 28 18:22:59 2024] Client Config Loaded
[Thu Nov 28 18:22:59 2024] Socket criado com sucesso
[Thu Nov 28 18:22:59 2024] Conectado ao servidor
[Thu Nov 28 18:24:35 2024] Client Started
[Thu Nov 28 18:24:35 2024] Client Config Loaded
[Thu Nov 28 18:24:35 2024] Socket criado com sucesso
[Thu Nov 28 18:24:35 2024] Conectado ao servidor
[Thu Nov 28 18:25:18 2024] Client Started
[Thu Nov 28 18:25:18 2024] Client Config Loaded
[Thu Nov 28 18:25:18 2024] Socket criado com sucesso
[Thu Nov 28 18:25:18 2024] Conectado ao servidor
[Thu Nov 28 18:26:27 2024] Client Started
[Thu Nov 28 18:26:27 2024] Client Config Loaded
[Thu Nov 28 18:26:27 2024] Socket criado com sucesso
[Thu Nov 28 18:26:27 2024] Conectado ao servidor
[Thu Nov 28 18:26:28 2024] Client Started
[Thu Nov 28 18:26:28 2024] Client Config Loaded
[Thu Nov 28 18:26:28 2024] Socket criado com sucesso
[Thu Nov 28 18:26:28 2024] Conectado ao servidor
[Thu Nov 28 18:26:29 2024] Client Started
[Thu Nov 28 18:26:29 2024] Client Config Loaded
[Thu Nov 28 18:26:29 2024] Socket criado com sucesso
[Thu Nov 28 18:26:29 2024] Conectado ao servidor
[Thu Nov 28 18:26:31 2024] Client Started
[Thu Nov 28 18:26:31 2024] Client Config Loaded
[Thu Nov 28 18:26:31 2024] Socket criado com sucesso
[Thu Nov 28 18:26:31 2024] Conectado ao servidor
[Thu Nov 28 18:26:32 2024] Client Started
[Thu Nov 28 18:26:32 2024] Client Config Loaded
[Thu Nov 28 18:26:32 2024] Socket criado com sucesso
[Thu Nov 28 18:26:32 2024] Conectado ao servidor
[Thu Nov 28 18:26:33 2024] Client Started
[Thu Nov 28 18:26:33 2024] Client Config Loaded
[Thu Nov 28 18:26:33 2024] Socket criado com sucesso
[Thu Nov 28 18:26:33 2024] Conectado ao servidor
[Thu Nov 28 18:30:22 2024] Client Started
[Thu Nov 28 18:30:22 2024] Client Config Loaded
[Thu Nov 28 18:30:22 2024] Socket criado com sucesso
[Thu Nov 28 18:30:22 2024] Conectado ao servidor
[Thu Nov 28 18:30:25 2024] Client Started
[Thu Nov 28 18:30:25 2024] Client Config Loaded
[Thu Nov 28 18:30:25 2024] Socket criado com sucesso
[Thu Nov 28 18:30:25 2024] Conectado ao servidor
[Thu Nov 28 18:30:26 2024] Client Started
[Thu Nov 28 18:30:26 2024] Client Config Loaded
[Thu Nov 28 18:30:26 2024] Socket criado com sucesso
[Thu Nov 28 18:30:26 2024] Conectado ao servidor
[Thu Nov 28 18:30:28 2024] Client Started
[Thu Nov 28 18:30:28 2024] Client Config Loaded
[Thu Nov 28 18:30:28 2024] Socket criado com sucesso
[Thu Nov 28 18:30:28 2024] Conectado ao servidor
[Thu Nov 28 18:30:29 2024] Client Started
[Thu Nov 28 18:30:29 2024] Client Config Loaded
[Thu Nov 28 18:30:29 2024] Socket criado com sucesso
[Thu Nov 28 18:30:29 2024] Conectado ao servidor
[Thu Nov 28 18:30:31 2024] Client Started
[Thu Nov 28 18:30:31 2024] Client Config Loaded
[Thu Nov 28 18:30:31 2024] Socket criado com sucesso
[Thu Nov 28 18:30:31 2024] Conectado ao servidor
[Fri Nov 29 12:34:09 2024] Client Started
[Fri Nov 29 12:34:09 2024] Client Config Loaded
[Fri Nov 29 12:34:09 2024] Socket criado com sucesso
[Fri Nov 29 12:34:09 2024] Conectado ao servidor
[Fri Nov 29 12:34:11 2024] Client Started
[Fri Nov 29 12:34:11 2024] Client Config Loaded
[Fri Nov 29 12:34:11 2024] Socket criado com sucesso
[Fri Nov 29 12:34:11 2024] Conectado ao servidor
[Fri Nov 29 13:57:54 2024] Client Started
[Fri Nov 29 13:57:54 2024] Client Config Loaded
[Fri Nov 29 13:57:54 2024] Socket criado com sucesso
[Fri Nov 29 13:57:54 2024] Conectado ao servidor
[Fri Nov 29 13:59:41 2024] Client Started
[Fri Nov 29 13:59:41 2024] Client Config Loaded
[Fri Nov 29 13:59:41 2024] Socket criado com sucesso
[Fri Nov 29 13:59:41 2024] Conectado ao servidor
[Fri Nov 29 13:59:48 2024] Client Started
[Fri Nov 29 13:59:48 2024] Client Config Loaded
[Fri Nov 29 13:59:48 2024] Socket criado com sucesso
[Fri Nov 29 13:59:48 2024] Conectado ao servidor
[Fri Nov 29 14:00:29 2024] Client Started
[Fri Nov 29 14:00:29 2024] Client Config Loaded
[Fri Nov 29 14:00:29 2024] Socket criado com sucesso
[Fri Nov 29 14:00:29 2024] Conectado ao servidor
[Fri Nov 29 14:00:38 2024] Client Started
[Fri Nov 29 14:00:38 2024] Client Config Loaded
[Fri Nov 29 14:00:38 2024] Socket criado com sucesso
[Fri Nov 29 14:00:38 2024] Conectado ao servidor
[Fri Nov 29 14:00:39 2024] Client Started
[Fri Nov 29 14:00:39 2024] Client Config Loaded
[Fri Nov 29 14:00:39 2024] Socket criado com sucesso
[Fri Nov 29 14:00:39 2024] Conectado ao servidor
[Fri Nov 29 14:01:30 2024] Client Started
[Fri Nov 29 14:01:30 2024] Client Config Loaded
[Fri Nov 29 14:01:30 2024] Socket criado com sucesso
[Fri Nov 29 14:01:30 2024] Conectado ao servidor
[Fri Nov 29 14:01:31 2024] Client Started
[Fri Nov 29 14:01:31 2024] Client Config Loaded
[Fri Nov 29 14:01:31 2024] Socket criado com sucesso
[Fri Nov 29 14:01:31 2024] Conectado ao servidor
[Fri Nov 29 14:02:31 2024] Client Started
[Fri Nov 29 14:02:31 2024] Client Config Loaded
[Fri Nov 29 14:02:31 2024] Socket criado com sucesso
[Fri Nov 29 14:02:31 2024] Conectado ao servidor
[Fri Nov 29 14:02:32 2024] Client Started
[Fri Nov 29 14:02:32 2024] Client Config Loaded
[Fri Nov 29 14:02:32 2024] Socket criado com sucesso
[Fri Nov 29 14:02:32 2024] Conectado ao servidor
[Fri Nov 29 14:04:50 2024] Client Started
[Fri Nov 29 14:04:50 2024] Client Config Loaded
[Fri Nov 29 14:04:50 2024] Socket criado com sucesso
[Fri Nov 29 14:04:50 2024] Conectado ao servidor
[Fri Nov 29 14:04:51 2024] Client Started
[Fri Nov 29 14:04:51 2024] Client Config Loaded
[Fri Nov 29 14:04:51 2024] Socket criado com sucesso
[Fri Nov 29 14:04:51 2024] Conectado ao servidor
[Fri Nov 29 14:12:28 2024] Client Started
[Fri Nov 29 14:12:28 2024] Client Config Loaded
[Fri Nov 29 14:12:28 2024] Socket criado com sucesso
[Fri Nov 29 14:12:28 2024] Conectado ao servidor
[Fri Nov 29 14:12:30 2024] Client Started
[Fri Nov 29 14:12:30 2024] Client Config Loaded
[Fri Nov 29 14:12:30 2024] Socket criado com sucesso
[Fri Nov 29 14:12:30 2024] Conectado ao servidor
[Fri Nov 29 14:13:15 2024] Client Started
[Fri Nov 29 14:13:15 2024] Client Config Loaded
[Fri Nov 29 14:13:15 2024] Socket criado com sucesso
[Fri Nov 29 14:13:15 2024] Conectado ao servidor
[Fri Nov 29 14:13:16 2024] Client Started
[Fri Nov 29 14:13:16 2024] Client Config Loaded
[Fri Nov 29 14:13:16 2024] Socket criado com sucesso
[Fri Nov 29 14:13:16 2024] Conectado ao servidor
[Fri Nov 29 14:18:34 2024] Client Started
[Fri Nov 29 14:18:34 2024] Client Config Loaded
[Fri Nov 29 14:18:34 2024] Socket criado com sucesso
[Fri Nov 29 14:18:34 2024] Conectado ao servidor
[Fri Nov 29 14:20:14 2024] Client Started
[Fri Nov 29 14:20:14 2024] Client Config Loaded
[Fri Nov 29 14:20:14 2024] Socket criado com sucesso
[Fri Nov 29 14:20:14 2024] Conectado ao servidor
[Fri Nov 29 14:20:24 2024] Client Started
[Fri Nov 29 14:20:24 2024] Client Config Loaded
[Fri Nov 29 14:20:24 2024] Socket criado com sucesso
[Fri Nov 29 14:20:24 2024] Conectado ao servidor
[Fri Nov 29 14:20:25 2024] Client Started
[Fri Nov 29 14:20:25 2024] Client Config Loaded
[Fri Nov 29 14:20:25 2024] Socket criado com sucesso
[Fri Nov 29 14:20:25 2024] Conectado ao servidor
[Fri Nov 29 14:43:28 2024] Client Started
[Fri Nov 29 14:43:28 2024] Client Config Loaded
[Fri Nov 29 14:43:28 2024] Socket criado com sucesso
[Fri Nov 29 14:43:28 2024] Conectado ao servidor
[Fri Nov 29 14:43:31 2024] Client Started
[Fri Nov 29 14:43:31 2024] Client Config Loaded
[Fri Nov 29 14:43:31 2024] Socket criado com sucesso
[Fri Nov 29 14:43:31 2024] Conectado ao servidor
[Fri Nov 29 14:46:26 2024] Client Started
[Fri Nov 29 14:46:26 2024] Client Config Loaded
[Fri Nov 29 14:46:26 2024] Socket criado com sucesso
[Fri Nov 29 14:46:26 2024] Conectado ao servidor
[Fri Nov 29 14:46:37 2024] Client Started
[Fri Nov 29 14:46:37 2024] Client Config Loaded
[Fri Nov 29 14:46:37 2024] Socket criado com sucesso
[Fri Nov 29 14:46:37 2024] Conectado ao servidor
[Fri Nov 29 14:47:08 2024] Client Started
[Fri Nov 29 14:47:08 2024] Client Config Loaded
[Fri Nov 29 14:47:08 2024] Socket criado com sucesso
[Fri Nov 29 14:47:08 2024] Conectado ao servidor
[Fri Nov 29 14:48:29 2024] Client Started
[Fri Nov 29 14:48:29 2024] Client Config Loaded
[Fri Nov 29 14:48:29 2024] Socket criado com sucesso
[Fri Nov 29 14:48:29 2024] Conectado ao servidor
[Fri Nov 29 14:48:31 2024] Client Started
[Fri Nov 29 14:48:31 2024] Client Config Loaded
[Fri Nov 29 14:48:31 2024] Socket criado com sucesso
[Fri Nov 29 14:48:31 2024] Conectado ao servidor
[Fri Nov 29 14:50:48 2024] Client Started
[Fri Nov 29 14:50:48 2024] Client Config Loaded
[Fri Nov 29 14:50:48 2024] Socket criado com sucesso
[Fri Nov 29 14:50:48 2024] Conectado ao servidor
[Fri Nov 29 14:50:49 2024] Client Started
[Fri Nov 29 14:50:49 2024] Client Config Loaded
[Fri Nov 29 14:50:49 2024] Socket criado com sucesso
[Fri Nov 29 14:50:49 2024] Conectado ao servidor
[Fri Nov 29 14:52:58 2024] Client Started
[Fri Nov 29 14:52:58 2024] Client Config Loaded
[Fri Nov 29 14:52:58 2024] Socket criado com sucesso
[Fri Nov 29 14:52:58 2024] Conectado ao servidor
[Fri Nov 29 14:52:59 2024] Client Started
[Fri Nov 29 14:52:59 2024] Client Config Loaded
[Fri Nov 29 14:52:59 2024] Socket criado com sucesso
[Fri Nov 29 14:52:59 2024] Conectado ao servidor
[Fri Nov 29 14:58:07 2024] Client Started
[Fri Nov 29 14:58:07 2024] Client Config Loaded
[Fri Nov 29 14:58:07 2024] Socket criado com sucesso
[Fri Nov 29 14:58:07 2024] Conectado ao servidor
[Fri Nov 29 14:58:08 2024] Client Started
[Fri Nov 29 14:58:08 2024] Client Config Loaded
[Fri Nov 29 14:58:08 2024] Socket criado com sucesso
[Fri Nov 29 14:58:08 2024] Conectado ao servidor
[Fri Nov 29 14:59:37 2024] Client Started
[Fri Nov 29 14:59:37 2024] Client Config Loaded
[Fri Nov 29 14:59:37 2024] Socket criado com sucesso
[Fri Nov 29 14:59:37 2024] Conectado ao servidor
[Fri Nov 29 14:59:38 2024] Client Started
[Fri Nov 29 14:59:38 2024] Client Config Loaded
[Fri Nov 29 14:59:38 2024] Socket criado com sucesso
[Fri Nov 29 14:59:38 2024] Conectado ao servidor
[Fri Nov 29 15:00:15 2024] Client Started
[Fri Nov 29 15:00:15 2024] Client Config Loaded
[Fri Nov 29 15:00:15 2024] Socket criado com sucesso
[Fri Nov 29 15:00:15 2024] Conectado ao servidor
[Fri Nov 29 15:00:16 2024] Client Started
[Fri Nov 29 15:00:16 2024] Client Config Loaded
[Fri Nov 29 15:00:16 2024] Socket criado com sucesso
[Fri Nov 29 15:00:16 2024] Conectado ao servidor
[Fri Nov 29 15:00:47 2024] Client Started
[Fri Nov 29 15:00:47 2024] Client Config Loaded
[Fri Nov 29 15:00:47 2024] Socket criado com sucesso
[Fri Nov 29 15:00:47 2024] Conectado ao servidor
[Fri Nov 29 15:00:48 2024] Client Started
[Fri Nov 29 15:00:48 2024] Client Config Loaded
[Fri Nov 29 15:00:48 2024] Socket criado com sucesso
[Fri Nov 29 15:00:48 2024] Conectado ao servidor
[Fri Nov 29 15:02:11 2024] Client Started
[Fri Nov 29 15:02:11 2024] Client Config Loaded
[Fri Nov 29 15:02:11 2024] Socket criado com sucesso
[Fri Nov 29 15:02:11 2024] Conectado ao servidor
[Fri Nov 29 15:02:12 2024] Client Started
[Fri Nov 29 15:02:12 2024] Client Config Loaded
[Fri Nov 29 15:02:12 2024] Socket criado com sucesso
[Fri Nov 29 15:02:12 2024] Conectado ao servidor
[Fri Nov 29 15:04:12 2024] Client Started
[Fri Nov 29 15:04:12 2024] Client Config Loaded
[Fri Nov 29 15:04:12 2024] Socket criado com sucesso
[Fri Nov 29 15:04:12 2024] Conectado ao servidor
[Fri Nov 29 15:04:13 2024] Client Started
[Fri Nov 29 15:04:13 2024] Client Config Loaded
[Fri Nov 29 15:04:13 2024] Socket criado com sucesso
[Fri Nov 29 15:04:13 2024] Conectado ao servidor
[Fri Nov 29 15:04:52 2024] Client Started
[Fri Nov 29 15:04:52 2024] Client Config Loaded
[Fri Nov 29 15:04:52 2024] Socket criado com sucesso
[Fri Nov 29 15:04:52 2024] Conexão falhou! EXIT

[Fri Nov 29 15:04:56 2024] Client Started
[Fri Nov 29 15:04:56 2024] Client Config Loaded
[Fri Nov 29 15:04:56 2024] Socket criado com sucesso
[Fri Nov 29 15:04:56 2024] Conectado ao servidor
[Fri Nov 29 15:04:57 2024] Client Started
[Fri Nov 29 15:04:57 2024] Client Config Loaded
[Fri Nov 29 15:04:57 2024] Socket criado com sucesso
[Fri Nov 29 15:04:57 2024] Conectado ao servidor
[Fri Nov 29 15:05:19 2024] Client Started
[Fri Nov 29 15:05:19 2024] Client Config Loaded
[Fri Nov 29 15:05:19 2024] Socket criado com sucesso
[Fri Nov 29 15:05:19 2024] Conexão falhou! EXIT

[Fri Nov 29 15:05:24 2024] Client Started
[Fri Nov 29 15:05:24 2024] Client Config Loaded
[Fri Nov 29 15:05:24 2024] Socket criado com sucesso
[Fri Nov 29 15:05:24 2024] Conectado ao servidor
[Fri Nov 29 15:05:25 2024] Client Started
[Fri Nov 29 15:05:25 2024] Client Config Loaded
[Fri Nov 29 15:05:25 2024] Socket criado com sucesso
[Fri Nov 29 15:05:25 2024] Conectado ao servidor
[Fri Nov 29 15:06:46 2024] Client Started
[Fri Nov 29 15:06:46 2024] Client Config Loaded
[Fri Nov 29 15:06:46 2024] Socket criado com sucesso
[Fri Nov 29 15:06:46 2024] Conectado ao servidor
[Fri Nov 29 15:06:48 2024] Client Started
[Fri Nov 29 15:06:48 2024] Client Config Loaded
[Fri Nov 29 15:06:48 2024] Socket criado com sucesso
[Fri Nov 29 15:06:48 2024] Conectado ao servidor
[Fri Nov 29 15:07:07 2024] Client Started
[Fri Nov 29 15:07:07 2024] Client Config Loaded
[Fri Nov 29 15:07:07 2024] Socket criado com sucesso
[Fri Nov 29 15:07:07 2024] Conectado ao servidor
[Fri Nov 29 15:07:09 2024] Client Started
[Fri Nov 29 15:07:09 2024] Client Config Loaded
[Fri Nov 29 15:07:09 2024] Socket criado com sucesso
[Fri Nov 29 15:07:09 2024] Conectado ao servidor
[Fri Nov 29 15:14:22 2024] Client Started
[Fri Nov 29 15:14:22 2024] Client Config Loaded
[Fri Nov 29 15:14:22 2024] Socket criado com sucesso
[Fri Nov 29 15:14:22 2024] Conectado ao servidor
[Fri Nov 29 15:14:24 2024] Client Started
[Fri Nov 29 15:14:24 2024] Client Config Loaded
[Fri Nov 29 15:14:24 2024] Socket criado com sucesso
[Fri Nov 29 15:14:24 2024] Conectado ao servidor
[Fri Nov 29 15:20:43 2024] Client Started
[Fri Nov 29 15:20:43 2024] Client Config Loaded
[Fri Nov 29 15:20:43 2024] Socket criado com sucesso
[Fri Nov 29 15:20:43 2024] Conectado ao servidor
[Fri Nov 29 15:20:44 2024] Client Started
[Fri Nov 29 15:20:44 2024] Client Config Loaded
[Fri Nov 29 15:20:44 2024] Socket criado com sucesso
[Fri Nov 29 15:20:44 2024] Conectado ao servidor
[Fri Nov 29 15:21:57 2024] Client Started
[Fri Nov 29 15:21:57 2024] Client Config Loaded
[Fri Nov 29 15:21:57 2024] Socket criado com sucesso
[Fri Nov 29 15:21:57 2024] Conectado ao servidor
[Fri Nov 29 15:21:58 2024] Client Started
[Fri Nov 29 15:21:58 2024] Client Config Loaded
[Fri Nov 29 15:21:58 2024] Socket criado com sucesso
[Fri Nov 29 15:21:58 2024] Conectado ao servidor
[Fri Nov 29 15:23:22 2024] Client Started
[Fri Nov 29 15:23:22 2024] Client Config Loaded
[Fri Nov 29 15:23:22 2024] Socket criado com sucesso
[Fri Nov 29 15:23:22 2024] Conexão falhou! EXIT

[Fri Nov 29 15:23:23 2024] Client Started
[Fri Nov 29 15:23:23 2024] Client Config Loaded
[Fri Nov 29 15:23:23 2024] Socket criado com sucesso
[Fri Nov 29 15:23:23 2024] Conexão falhou! EXIT

[Fri Nov 29 15:23:30 2024] Client Started
[Fri Nov 29 15:23:30 2024] Client Config Loaded
[Fri Nov 29 15:23:30 2024] Socket criado com sucesso
[Fri Nov 29 15:23:30 2024] Conexão falhou! EXIT

[Fri Nov 29 15:24:01 2024] Client Started
[Fri Nov 29 15:24:01 2024] Client Config Loaded
[Fri Nov 29 15:24:01 2024] Socket criado com sucesso
[Fri Nov 29 15:24:01 2024] Conectado ao servidor
[Fri Nov 29 15:24:02 2024] Client Started
[Fri Nov 29 15:24:02 2024] Client Config Loaded
[Fri Nov 29 15:24:02 2024] Socket criado com sucesso
[Fri Nov 29 15:24:02 2024] Conectado ao servidor
[Fri Nov 29 15:26:20 2024] Client Started
[Fri Nov 29 15:26:20 2024] Client Config Loaded
[Fri Nov 29 15:26:20 2024] Socket criado com sucesso
[Fri Nov 29 15:26:20 2024] Conectado ao servidor
[Fri Nov 29 15:26:22 2024] Client Started
[Fri Nov 29 15:26:22 2024] Client Config Loaded
[Fri Nov 29 15:26:22 2024] Socket criado com sucesso
[Fri Nov 29 15:26:22 2024] Conectado ao servidor
[Fri Nov 29 15:26:52 2024] Client Started
[Fri Nov 29 15:26:52 2024] Client Config Loaded
[Fri Nov 29 15:26:52 2024] Socket criado com sucesso
[Fri Nov 29 15:26:52 2024] Conectado ao servidor
[Fri Nov 29 15:26:53 2024] Client Started
[Fri Nov 29 15:26:53 2024] Client Config Loaded
[Fri Nov 29 15:26:53 2024] Socket criado com sucesso
[Fri Nov 29 15:26:53 2024] Conectado ao servidor
[Fri Nov 29 15:36:12 2024] Client Started
[Fri Nov 29 15:36:12 2024] Client Config Loaded
[Fri Nov 29 15:36:12 2024] Socket criado com sucesso
[Fri Nov 29 15:36:12 2024] Conectado ao servidor
[Fri Nov 29 15:36:15 2024] Client Started
[Fri Nov 29 15:36:15 2024] Client Config Loaded
[Fri Nov 29 15:36:15 2024] Socket criado com sucesso
[Fri Nov 29 15:36:15 2024] Conectado ao servidor
[Fri Nov 29 15:38:11 2024] Client Started
[Fri Nov 29 15:38:11 2024] Client Config Loaded
[Fri Nov 29 15:38:11 2024] Socket criado com sucesso
[Fri Nov 29 15:38:11 2024] Conexão falhou! EXIT

[Fri Nov 29 15:38:19 2024] Client Started
[Fri Nov 29 15:38:19 2024] Client Config Loaded
[Fri Nov 29 15:38:19 2024] Socket criado com sucesso
[Fri Nov 29 15:38:19 2024] Conectado ao servidor
[Fri Nov 29 15:38:21 2024] Client Started
[Fri Nov 29 15:38:21 2024] Client Config Loaded
[Fri Nov 29 15:38:21 2024] Socket criado com sucesso
[Fri Nov 29 15:38:21 2024] Conectado ao servidor
[Fri Nov 29 15:42:28 2024] Client Started
[Fri Nov 29 15:42:28 2024] Client Config Loaded
[Fri Nov 29 15:42:28 2024] Socket criado com sucesso
[Fri Nov 29 15:42:28 2024] Conectado ao servidor
[Fri Nov 29 15:42:29 2024] Client Started
[Fri Nov 29 15:42:29 2024] Client Config Loaded
[Fri Nov 29 15:42:29 2024] Socket criado com sucesso
[Fri Nov 29 15:42:29 2024] Conectado ao servidor
[Fri Nov 29 15:42:45 2024] Client Started
[Fri Nov 29 15:42:45 2024] Client Config Loaded
[Fri Nov 29 15:42:45 2024] Socket criado com sucesso
[Fri Nov 29 15:42:45 2024] Conectado ao servidor
[Fri Nov 29 15:42:50 2024] Client Started
[Fri Nov 29 15:42:50 2024] Client Config Loaded
[Fri Nov 29 15:42:50 2024] Socket criado com sucesso
[Fri Nov 29 15:42:50 2024] Conectado ao servidor
[Fri Nov 29 15:46:35 2024] Client Started
[Fri Nov 29 15:46:35 2024] Client Config Loaded
[Fri Nov 29 15:46:35 2024] Socket criado com sucesso
[Fri Nov 29 15:46:35 2024] Conectado ao servidor
[Fri Nov 29 15:46:37 2024] Client Started
[Fri Nov 29 15:46:37 2024] Client Config Loaded
[Fri Nov 29 15:46:37 2024] Socket criado com sucesso
[Fri Nov 29 15:46:37 2024] Conectado ao servidor
[Fri Nov 29 15:47:54 2024] Client Started
[Fri Nov 29 15:47:54 2024] Client Config Loaded
[Fri Nov 29 15:47:54 2024] Socket criado com sucesso
[Fri Nov 29 15:47:54 2024] Conectado ao servidor
[Fri Nov 29 15:47:56 2024] Client Started
[Fri Nov 29 15:47:56 2024] Client Config Loaded
[Fri Nov 29 15:47:56 2024] Socket criado com sucesso
[Fri Nov 29 15:47:56 2024] Conectado ao servidor
[Fri Nov 29 15:50:46 2024] Client Started
[Fri Nov 29 15:50:46 2024] Client Config Loaded
[Fri Nov 29 15:50:46 2024] Socket criado com sucesso
[Fri Nov 29 15:50:46 2024] Conectado ao servidor
[Fri Nov 29 15:50:48 2024] Client Started
[Fri Nov 29 15:50:48 2024] Client Config Loaded
[Fri Nov 29 15:50:48 2024] Socket criado com sucesso
[Fri Nov 29 15:50:48 2024] Conectado ao servidor
[Fri Nov 29 15:55:42 2024] Client Started
[Fri Nov 29 15:55:42 2024] Client Config Loaded
[Fri Nov 29 15:55:42 2024] Socket criado com sucesso
[Fri Nov 29 15:55:42 2024] Conectado ao servidor
[Fri Nov 29 15:55:44 2024] Client Started
[Fri Nov 29 15:55:44 2024] Client Config Loaded
[Fri Nov 29 15:55:44 2024] Socket criado com sucesso
[Fri Nov 29 15:55:44 2024] Conectado ao servidor
[Fri Nov 29 15:57:28 2024] Client Started
[Fri Nov 29 15:57:28 2024] Client Config Loaded
[Fri Nov 29 15:57:28 2024] Socket criado com sucesso
[Fri Nov 29 15:57:28 2024] Conectado ao servidor
[Fri Nov 29 15:57:29 2024] Client Started
[Fri Nov 29 15:57:29 2024] Client Config Loaded
[Fri Nov 29 15:57:29 2024] Socket criado com sucesso
[Fri Nov 29 15:57:29 2024] Conectado ao servidor
[Fri Nov 29 15:58:41 2024] Client Started
[Fri Nov 29 15:58:41 2024] Client Config Loaded
[Fri Nov 29 15:58:41 2024] Socket criado com sucesso
[Fri Nov 29 15:58:41 2024] Conectado ao servidor
[Fri Nov 29 15:58:43 2024] Client Started
[Fri Nov 29 15:58:43 2024] Client Config Loaded
[Fri Nov 29 15:58:43 2024] Socket criado com sucesso
[Fri Nov 29 15:58:43 2024] Conectado ao servidor
[Fri Nov 29 16:03:34 2024] Client Started
[Fri Nov 29 16:03:34 2024] Client Config Loaded
[Fri Nov 29 16:03:34 2024] Socket criado com sucesso
[Fri Nov 29 16:03:34 2024] Conectado ao servidor
[Fri Nov 29 16:03:36 2024] Client Started
[Fri Nov 29 16:03:36 2024] Client Config Loaded
[Fri Nov 29 16:03:36 2024] Socket criado com sucesso
[Fri Nov 29 16:03:36 2024] Conectado ao servidor
[Fri Nov 29 16:10:12 2024] Client Started
[Fri Nov 29 16:10:12 2024] Client Config Loaded
[Fri Nov 29 16:10:12 2024] Socket criado com sucesso
[Fri Nov 29 16:10:12 2024] Conectado ao servidor
[Fri Nov 29 16:10:14 2024] Client Started
[Fri Nov 29 16:10:14 2024] Client Config Loaded
[Fri Nov 29 16:10:14 2024] Socket criado com sucesso
[Fri Nov 29 16:10:14 2024] Conectado ao servidor
[Fri Nov 29 16:10:52 2024] Client Started
[Fri Nov 29 16:10:52 2024] Client Config Loaded
[Fri Nov 29 16:10:52 2024] Socket criado com sucesso
[Fri Nov 29 16:10:52 2024] Conexão falhou! EXIT

[Fri Nov 29 16:10:53 2024] Client Started
[Fri Nov 29 16:10:53 2024] Client Config Loaded
[Fri Nov 29 16:10:53 2024] Socket criado com sucesso
[Fri Nov 29 16:10:53 2024] Conexão falhou! EXIT

[Fri Nov 29 16:11:12 2024] Client Started
[Fri Nov 29 16:11:12 2024] Client Config Loaded
[Fri Nov 29 16:11:12 2024] Socket criado com sucesso
[Fri Nov 29 16:11:12 2024] Conexão falhou! EXIT

[Fri Nov 29 16:13:43 2024] Client Started
[Fri Nov 29 16:13:43 2024] Client Config Loaded
[Fri Nov 29 16:13:43 2024] Socket criado com sucesso
[Fri Nov 29 16:13:43 2024] Conectado ao servidor
[Fri Nov 29 16:13:46 2024] Client Started
[Fri Nov 29 16:13:46 2024] Client Config Loaded
[Fri Nov 29 16:13:46 2024] Socket criado com sucesso
[Fri Nov 29 16:13:46 2024] Conectado ao servidor
[Fri Nov 29 16:14:06 2024] Client Started
[Fri Nov 29 16:14:06 2024] Client Config Loaded
[Fri Nov 29 16:14:06 2024] Socket criado com sucesso
[Fri Nov 29 16:14:06 2024] Conectado ao servidor
[Fri Nov 29 16:14:12 2024] Client Started
[Fri Nov 29 16:14:12 2024] Client Config Loaded
[Fri Nov 29 16:14:12 2024] Socket criado com sucesso
[Fri Nov 29 16:14:12 2024] Conectado ao servidor
[Fri Nov 29 16:15:17 2024] Client Started
[Fri Nov 29 16:15:17 2024] Client Config Loaded
[Fri Nov 29 16:15:17 2024] Socket criado com sucesso
[Fri Nov 29 16:15:17 2024] Conectado ao servidor
[Fri Nov 29 16:15:19 2024] Client Started
[Fri Nov 29 16:15:19 2024] Client Config Loaded
[Fri Nov 29 16:15:19 2024] Socket criado com sucesso
[Fri Nov 29 16:15:19 2024] Conectado ao servidor
[Fri Nov 29 16:17:18 2024] Client Started
[Fri Nov 29 16:17:18 2024] Client Config Loaded
[Fri Nov 29 16:17:18 2024] Socket criado com sucesso
[Fri Nov 29 16:17:18 2024] Conectado ao servidor
[Fri Nov 29 16:17:20 2024] Client Started
[Fri Nov 29 16:17:20 2024] Client Config Loaded
[Fri Nov 29 16:17:20 2024] Socket criado com sucesso
[Fri Nov 29 16:17:20 2024] Conectado ao servidor
[Fri Nov 29 16:23:08 2024] Client Started
[Fri Nov 29 16:23:08 2024] Client Config Loaded
[Fri Nov 29 16:23:08 2024] Socket criado com sucesso
[Fri Nov 29 16:23:08 2024] Conectado ao servidor
[Fri Nov 29 16:23:10 2024] Client Started
[Fri Nov 29 16:23:10 2024] Client Config Loaded
[Fri Nov 29 16:23:10 2024] Socket criado com sucesso
[Fri Nov 29 16:23:10 2024] Conectado ao servidor
[Fri Nov 29 16:25:43 2024] Client Started
[Fri Nov 29 16:25:43 2024] Client Config Loaded
[Fri Nov 29 16:25:43 2024] Socket criado com sucesso
[Fri Nov 29 16:25:43 2024] Conectado ao servidor
[Fri Nov 29 16:25:45 2024] Client Started
[Fri Nov 29 16:25:45 2024] Client Config Loaded
[Fri Nov 29 16:25:45 2024] Socket criado com sucesso
[Fri Nov 29 16:25:45 2024] Conectado ao servidor
[Fri Nov 29 16:27:29 2024] Client Started
[Fri Nov 29 16:27:29 2024] Client Config Loaded
[Fri Nov 29 16:27:29 2024] Socket criado com sucesso
[Fri Nov 29 16:27:29 2024] Conectado ao servidor
[Fri Nov 29 16:27:31 2024] Client Started
[Fri Nov 29 16:27:31 2024] Client Config Loaded
[Fri Nov 29 16:27:31 2024] Socket criado com sucesso
[Fri Nov 29 16:27:31 2024] Conectado ao servidor
[Fri Nov 29 16:29:40 2024] Client Started
[Fri Nov 29 16:29:40 2024] Client Config Loaded
[Fri Nov 29 16:29:40 2024] Socket criado com sucesso
[Fri Nov 29 16:29:40 2024] Conectado ao servidor
[Fri Nov 29 16:29:41 2024] Client Started
[Fri Nov 29 16:29:41 2024] Client Config Loaded
[Fri Nov 29 16:29:41 2024] Socket criado com sucesso
[Fri Nov 29 16:29:41 2024] Conectado ao servidor
[Fri Nov 29 17:13:50 2024] Client Started
[Fri Nov 29 17:13:50 2024] Client Config Loaded
[Fri Nov 29 17:13:50 2024] Socket criado com sucesso
[Fri Nov 29 17:13:50 2024] Conectado ao servidor
[Fri Nov 29 17:13:58 2024] Client Started
[Fri Nov 29 17:13:58 2024] Client Config Loaded
[Fri Nov 29 17:13:58 2024] Socket criado com sucesso
[Fri Nov 29 17:13:58 2024] Conectado ao servidor
[Fri Nov 29 17:14:46 2024] Client Started
[Fri Nov 29 17:14:46 2024] Client Config Loaded
[Fri Nov 29 17:14:46 2024] Socket criado com sucesso
[Fri Nov 29 17:14:46 2024] Conectado ao servidor
[Fri Nov 29 17:14:48 2024] Client Started
[Fri Nov 29 17:14:48 2024] Client Config Loaded
[Fri Nov 29 17:14:48 2024] Socket criado com sucesso
[Fri Nov 29 17:14:48 2024] Conectado ao servidor
[Fri Nov 29 17:15:15 2024] Client Started
[Fri Nov 29 17:15:15 2024] Client Config Loaded
[Fri Nov 29 17:15:15 2024] Socket criado com sucesso
[Fri Nov 29 17:15:15 2024] Conectado ao servidor
[Fri Nov 29 17:15:16 2024] Client Started
[Fri Nov 29 17:15:16 2024] Client Config Loaded
[Fri Nov 29 17:15:16 2024] Socket criado com sucesso
[Fri Nov 29 17:15:16 2024] Conectado ao servidor
[Fri Nov 29 17:17:48 2024] Client Started
[Fri Nov 29 17:17:48 2024] Client Config Loaded
[Fri Nov 29 17:17:48 2024] Socket criado com sucesso
[Fri Nov 29 17:17:48 2024] Conectado ao servidor
[Fri Nov 29 17:17:49 2024] Client Started
[Fri Nov 29 17:17:49 2024] Client Config Loaded
[Fri Nov 29 17:17:49 2024] Socket criado com sucesso
[Fri Nov 29 17:17:49 2024] Conectado ao servidor
[Fri Nov 29 17:20:47 2024] Client Started
[Fri Nov 29 17:20:47 2024] Client Config Loaded
[Fri Nov 29 17:20:47 2024] Socket criado com sucesso
[Fri Nov 29 17:20:47 2024] Conectado ao servidor
[Fri Nov 29 17:20:48 2024] Client Started
[Fri Nov 29 17:20:48 2024] Client Config Loaded
[Fri Nov 29 17:20:48 2024] Socket criado com sucesso
[Fri Nov 29 17:20:48 2024] Conectado ao servidor
[Fri Nov 29 17:22:58 2024] Client Started
[Fri Nov 29 17:22:58 2024] Client Config Loaded
[Fri Nov 29 17:22:58 2024] Socket criado com sucesso
[Fri Nov 29 17:22:58 2024] Conectado ao servidor
[Fri Nov 29 17:22:59 2024] Client Started
[Fri Nov 29 17:22:59 2024] Client Config Loaded
[Fri Nov 29 17:22:59 2024] Socket criado com sucesso
[Fri Nov 29 17:22:59 2024] Conectado ao servidor
[Fri Nov 29 17:24:14 2024] Client Started
[Fri Nov 29 17:24:14 2024] Client Config Loaded
[Fri Nov 29 17:24:14 2024] Socket criado com sucesso
[Fri Nov 29 17:24:14 2024] Conectado ao servidor
[Fri Nov 29 17:24:15 2024] Client Started
[Fri Nov 29 17:24:15 2024] Client Config Loaded
[Fri Nov 29 17:24:15 2024] Socket criado com sucesso
[Fri Nov 29 17:24:15 2024] Conectado ao servidor
[Fri Nov 29 17:24:50 2024] Client Started
[Fri Nov 29 17:24:50 2024] Client Config Loaded
[Fri Nov 29 17:24:50 2024] Socket criado com sucesso
[Fri Nov 29 17:24:50 2024] Conectado ao servidor
[Fri Nov 29 17:24:51 2024] Client Started
[Fri Nov 29 17:24:51 2024] Client Config Loaded
[Fri Nov 29 17:24:51 2024] Socket criado com sucesso
[Fri Nov 29 17:24:51 2024] Conectado ao servidor
[Fri Nov 29 17:26:53 2024] Client Started
[Fri Nov 29 17:26:53 2024] Client Config Loaded
[Fri Nov 29 17:26:53 2024] Socket criado com sucesso
[Fri Nov 29 17:26:53 2024] Conectado ao servidor
[Fri Nov 29 17:26:54 2024] Client Started
[Fri Nov 29 17:26:54 2024] Client Config Loaded
[Fri Nov 29 17:26:54 2024] Socket criado com sucesso
[Fri Nov 29 17:26:54 2024] Conectado ao servidor
[Fri Nov 29 17:33:35 2024] Client Started
[Fri Nov 29 17:33:35 2024] Client Config Loaded
[Fri Nov 29 17:33:35 2024] Socket criado com sucesso
[Fri Nov 29 17:33:35 2024] Conectado ao servidor
[Fri Nov 29 17:33:59 2024] Client Started
[Fri Nov 29 17:33:59 2024] Client Config Loaded
[Fri Nov 29 17:33:59 2024] Socket criado com sucesso
[Fri Nov 29 17:33:59 2024] Conectado ao servidor
[Fri Nov 29 17:34:00 2024] Client Started
[Fri Nov 29 17:34:00 2024] Client Config Loaded
[Fri Nov 29 17:34:00 2024] Socket criado com sucesso
[Fri Nov 29 17:34:00 2024] Conectado ao servidor
[Fri Nov 29 17:35:33 2024] Client Started
[Fri Nov 29 17:35:33 2024] Client Config Loaded
[Fri Nov 29 17:35:33 2024] Socket criado com sucesso
[Fri Nov 29 17:35:33 2024] Conectado ao servidor
[Fri Nov 29 17:35:34 2024] Client Started
[Fri Nov 29 17:35:34 2024] Client Config Loaded
[Fri Nov 29 17:35:34 2024] Socket criado com sucesso
[Fri Nov 29 17:35:34 2024] Conectado ao servidor
[Fri Nov 29 17:35:35 2024] Client Started
[Fri Nov 29 17:35:35 2024] Client Config Loaded
[Fri Nov 29 17:35:35 2024] Socket criado com sucesso
[Fri Nov 29 17:35:35 2024] Conectado ao servidor
[Fri Nov 29 17:37:17 2024] Client Started
[Fri Nov 29 17:37:17 2024] Client Config Loaded
[Fri Nov 29 17:37:17 2024] Socket criado com sucesso
[Fri Nov 29 17:37:17 2024] Conectado ao servidor
[Fri Nov 29 17:37:18 2024] Client Started
[Fri Nov 29 17:37:18 2024] Client Config Loaded
[Fri Nov 29 17:37:18 2024] Socket criado com sucesso
[Fri Nov 29 17:37:18 2024] Conectado ao servidor
[Fri Nov 29 17:37:20 2024] Client Started
[Fri Nov 29 17:37:20 2024] Client Config Loaded
[Fri Nov 29 17:37:20 2024] Socket criado com sucesso
[Fri Nov 29 17:37:20 2024] Conectado ao servidor
[Fri Nov 29 17:40:23 2024] Client Started
[Fri Nov 29 17:40:23 2024] Client Config Loaded
[Fri Nov 29 17:40:23 2024] Socket criado com sucesso
[Fri Nov 29 17:40:23 2024] Conectado ao servidor
[Fri Nov 29 17:40:40 2024] Client Started
[Fri Nov 29 17:40:40 2024] Client Config Loaded
[Fri Nov 29 17:40:40 2024] Socket criado com sucesso
[Fri Nov 29 17:40:40 2024] Conectado ao servidor
[Fri Nov 29 17:40:41 2024] Client Started
[Fri Nov 29 17:40:41 2024] Client Config Loaded
[Fri Nov 29 17:40:41 2024] Socket criado com sucesso
[Fri Nov 29 17:40:41 2024] Conectado ao servidor
[Fri Nov 29 17:40:42 2024] Client Started
[Fri Nov 29 17:40:42 2024] Client Config Loaded
[Fri Nov 29 17:40:42 2024] Socket criado com sucesso
[Fri Nov 29 17:40:42 2024] Conectado ao servidor
[Fri Nov 29 17:43:03 2024] Client Started
[Fri Nov 29 17:43:03 2024] Client Config Loaded
[Fri Nov 29 17:43:03 2024] Socket criado com sucesso
[Fri Nov 29 17:43:03 2024] Conectado ao servidor
[Fri Nov 29 17:43:04 2024] Client Started
[Fri Nov 29 17:43:04 2024] Client Config Loaded
[Fri Nov 29 17:43:04 2024] Socket criado com sucesso
[Fri Nov 29 17:43:04 2024] Conectado ao servidor
[Fri Nov 29 17:43:05 2024] Client Started
[Fri Nov 29 17:43:05 2024] Client Config Loaded
[Fri Nov 29 17:43:05 2024] Socket criado com sucesso
[Fri Nov 29 17:43:05 2024] Conectado ao servidor
[Fri Nov 29 17:44:32 2024] Client Started
[Fri Nov 29 17:44:32 2024] Client Config Loaded
[Fri Nov 29 17:44:32 2024] Socket criado com sucesso
[Fri Nov 29 17:44:32 2024] Conectado ao servidor
[Fri Nov 29 17:44:34 2024] Client Started
[Fri Nov 29 17:44:34 2024] Client Config Loaded
[Fri Nov 29 17:44:34 2024] Socket criado com sucesso
[Fri Nov 29 17:44:34 2024] Conectado ao servidor
[Fri Nov 29 17:44:35 2024] Client Started
[Fri Nov 29 17:44:35 2024] Client Config Loaded
[Fri Nov 29 17:44:35 2024] Socket criado com sucesso
[Fri Nov 29 17:44:35 2024] Conectado ao servidor
[Fri Nov 29 17:46:36 2024] Client Started
[Fri Nov 29 17:46:36 2024] Client Config Loaded
[Fri Nov 29 17:46:36 2024] Socket criado com sucesso
[Fri Nov 29 17:46:36 2024] Conectado ao servidor
[Fri Nov 29 17:46:37 2024] Client Started
[Fri Nov 29 17:46:37 2024] Client Config Loaded
[Fri Nov 29 17:46:37 2024] Socket criado com sucesso
[Fri Nov 29 17:46:37 2024] Conectado ao servidor
[Fri Nov 29 17:46:38 2024] Client Started
[Fri Nov 29 17:46:38 2024] Client Config Loaded
[Fri Nov 29 17:46:38 2024] Socket criado com sucesso
[Fri Nov 29 17:46:38 2024] Conectado ao servidor
[Fri Nov 29 17:49:23 2024] Client Started
[Fri Nov 29 17:49:23 2024] Client Config Loaded
[Fri Nov 29 17:49:23 2024] Socket criado com sucesso
[Fri Nov 29 17:49:23 2024] Conectado ao servidor
[Fri Nov 29 17:49:24 2024] Client Started
[Fri Nov 29 17:49:24 2024] Client Config Loaded
[Fri Nov 29 17:49:24 2024] Socket criado com sucesso
[Fri Nov 29 17:49:24 2024] Conectado ao servidor
[Fri Nov 29 17:49:26 2024] Client Started
[Fri Nov 29 17:49:26 2024] Client Config Loaded
[Fri Nov 29 17:49:26 2024] Socket criado com sucesso
[Fri Nov 29 17:49:26 2024] Conectado ao servidor
[Fri Nov 29 17:52:56 2024] Client Started
[Fri Nov 29 17:52:56 2024] Client Config Loaded
[Fri Nov 29 17:52:56 2024] Socket criado com sucesso
[Fri Nov 29 17:52:56 2024] Conectado ao servidor
[Fri Nov 29 17:52:58 2024] Client Started
[Fri Nov 29 17:52:58 2024] Client Config Loaded
[Fri Nov 29 17:52:58 2024] Socket criado com sucesso
[Fri Nov 29 17:52:58 2024] Conectado ao servidor
[Fri Nov 29 17:53:00 2024] Client Started
[Fri Nov 29 17:53:00 2024] Client Config Loaded
[Fri Nov 29 17:53:00 2024] Socket criado com sucesso
[Fri Nov 29 17:53:00 2024] Conectado ao servidor
