[Sat Oct 19 12:41:10 2024] Client Started
[Sat Oct 19 12:41:10 2024] Client Config Loaded
[Fri Oct 25 12:10:22 2024] Client Config Loaded
[Fri Oct 25 12:10:29 2024] Client Config Loaded
[Fri Oct 25 15:54:39 2024] Client Started
[Fri Oct 25 15:54:39 2024] Client Config Loaded
[Sat Oct 26 10:58:22 2024] Client Started
[Sat Oct 26 10:58:22 2024] Client Config Loaded
[Sat Oct 26 11:05:16 2024] Client Started
[Sat Oct 26 11:05:16 2024] Client Config Loaded
[Sat Oct 26 11:05:37 2024] Client Started
[Sat Oct 26 11:05:37 2024] Client Config Loaded
[Sat Oct 26 11:06:19 2024] Client Started
[Sat Oct 26 11:06:19 2024] Client Config Loaded
[Sat Oct 26 11:06:36 2024] Client Started
[Sat Oct 26 11:06:36 2024] Client Config Loaded
[Sat Oct 26 11:36:25 2024] Client Started
[Sat Oct 26 11:36:25 2024] Client Config Loaded
[Thu Oct 31 21:31:23 2024] Client Started
[Thu Oct 31 21:31:23 2024] Client Config Loaded
[Thu Oct 31 21:31:23 2024] Socket criado com sucesso
[Thu Oct 31 21:31:23 2024] Conectado ao servidor
[Thu Oct 31 21:32:22 2024] Client Started
[Thu Oct 31 21:32:22 2024] Client Config Loaded
[Thu Oct 31 21:32:22 2024] Socket criado com sucesso
[Thu Oct 31 21:32:22 2024] Conectado ao servidor
[Thu Oct 31 21:32:32 2024] Client Started
[Thu Oct 31 21:32:32 2024] Client Config Loaded
[Thu Oct 31 21:32:32 2024] Socket criado com sucesso
[Thu Oct 31 21:32:32 2024] Conectado ao servidor
[Thu Oct 31 21:33:24 2024] Client Started
[Thu Oct 31 21:33:24 2024] Client Config Loaded
[Thu Oct 31 21:33:24 2024] Socket criado com sucesso
[Thu Oct 31 21:33:24 2024] Conectado ao servidor
[Thu Oct 31 21:34:19 2024] Client Started
[Thu Oct 31 21:34:19 2024] Client Config Loaded
[Thu Oct 31 21:34:19 2024] Socket criado com sucesso
[Thu Oct 31 21:34:19 2024] Conectado ao servidor
[Thu Oct 31 21:34:31 2024] Client Started
[Thu Oct 31 21:34:31 2024] Client Config Loaded
[Thu Oct 31 21:34:31 2024] Socket criado com sucesso
[Thu Oct 31 21:34:31 2024] Conectado ao servidor
[Thu Oct 31 21:34:35 2024] Client Started
[Thu Oct 31 21:34:35 2024] Client Config Loaded
[Thu Oct 31 21:34:35 2024] Socket criado com sucesso
[Thu Oct 31 21:34:35 2024] Conectado ao servidor
[Fri Nov 15 16:28:29 2024] Client Started
[Fri Nov 15 16:28:29 2024] Client Config Loaded
[Fri Nov 15 16:28:29 2024] Socket criado com sucesso
[Fri Nov 15 16:28:29 2024] Conectado ao servidor
[Fri Nov 15 16:44:32 2024] Client Started
[Fri Nov 15 16:44:32 2024] Client Config Loaded
[Fri Nov 15 16:44:32 2024] Socket criado com sucesso
[Fri Nov 15 16:44:32 2024] Conectado ao servidor
[Fri Nov 15 16:45:08 2024] Client Started
[Fri Nov 15 16:45:08 2024] Client Config Loaded
[Fri Nov 15 16:45:08 2024] Socket criado com sucesso
[Fri Nov 15 16:45:08 2024] Conectado ao servidor
[Fri Nov 15 16:45:33 2024] Client Started
[Fri Nov 15 16:45:33 2024] Client Config Loaded
[Fri Nov 15 16:45:33 2024] Socket criado com sucesso
[Fri Nov 15 16:45:33 2024] Conectado ao servidor
[Fri Nov 15 16:46:14 2024] Client Started
[Fri Nov 15 16:46:14 2024] Client Config Loaded
[Fri Nov 15 16:46:14 2024] Socket criado com sucesso
[Fri Nov 15 16:46:14 2024] Conectado ao servidor
[Fri Nov 15 16:47:38 2024] Client Started
[Fri Nov 15 16:47:38 2024] Client Config Loaded
[Fri Nov 15 16:47:38 2024] Socket criado com sucesso
[Fri Nov 15 16:47:38 2024] Conectado ao servidor
[Fri Nov 15 16:48:19 2024] Client Started
[Fri Nov 15 16:48:19 2024] Client Config Loaded
[Fri Nov 15 16:48:19 2024] Socket criado com sucesso
[Fri Nov 15 16:48:19 2024] Conectado ao servidor
[Fri Nov 15 16:48:49 2024] Client Started
[Fri Nov 15 16:48:49 2024] Client Config Loaded
[Fri Nov 15 16:48:49 2024] Socket criado com sucesso
[Fri Nov 15 16:48:49 2024] Conectado ao servidor
[Fri Nov 15 16:53:13 2024] Client Started
[Fri Nov 15 16:53:13 2024] Client Config Loaded
[Fri Nov 15 16:53:13 2024] Socket criado com sucesso
[Fri Nov 15 16:53:13 2024] Conectado ao servidor
[Fri Nov 15 16:53:29 2024] Client Started
[Fri Nov 15 16:53:29 2024] Client Config Loaded
[Fri Nov 15 16:53:29 2024] Socket criado com sucesso
[Fri Nov 15 16:53:29 2024] Conectado ao servidor
