[Sat Oct 19 11:10:49 2024] Falha a carregar ficheiro de config! Carregando default.
[Sat Oct 19 11:10:49 2024] Config default server carregada.
[Sat Oct 19 11:12:29 2024] Falha a carregar ficheiro de config! Carregando default.
[Sat Oct 19 11:12:29 2024] Config default server carregada.
[Sat Oct 19 11:14:03 2024] Falha a carregar ficheiro de config! Carregando default.
[Sat Oct 19 11:14:03 2024] Config default server carregada.
[Sat Oct 19 11:14:10 2024] Falha a carregar ficheiro de config! Carregando default.
[Sat Oct 19 11:14:10 2024] Config default server carregada.
[Sat Oct 19 11:31:30 2024] Falha a carregar ficheiro de config! Carregando default.
[Sat Oct 19 11:31:30 2024] Config default server carregada.
[Sat Oct 19 11:33:01 2024] Falha a carregar ficheiro de config! Carregando default.
[Sat Oct 19 11:33:01 2024] Config default server carregada.
[Sat Oct 19 11:33:31 2024] Falha a carregar ficheiro de config! Carregando default.
[Sat Oct 19 11:33:31 2024] Config default server carregada.
[Sat Oct 19 11:34:46 2024] Falha a carregar ficheiro de config! Carregando default.
[Sat Oct 19 11:34:46 2024] Config default server carregada.
[Sat Oct 19 11:42:38 2024] Falha a carregar ficheiro de config! Carregando default.
[Sat Oct 19 11:42:38 2024] Config default server carregada.
[Sat Oct 19 11:43:14 2024] Falha a carregar ficheiro de config! Carregando default.
[Sat Oct 19 11:43:14 2024] Config default server carregada.
[Sat Oct 19 11:43:38 2024] Falha a carregar ficheiro de config! Carregando default.
[Sat Oct 19 11:43:38 2024] Config default server carregada.
[Sat Oct 19 11:44:23 2024] Falha a carregar ficheiro de config! Carregando default.
[Sat Oct 19 11:44:23 2024] Config default server carregada.
[Sat Oct 19 11:45:01 2024] Falha a carregar ficheiro de config! Carregando default.
[Sat Oct 19 11:45:01 2024] Config default server carregada.
[Sat Oct 19 11:59:41 2024] Falha a carregar ficheiro de config! Carregando default.
[Sat Oct 19 11:59:41 2024] Config default server carregada.
[Sat Oct 19 12:18:40 2024] Server Started
[Sat Oct 19 12:18:40 2024] Server Config Loaded
[Sat Oct 19 12:18:54 2024] Server Started
[Sat Oct 19 12:18:54 2024] Server Config Loaded
[Sat Oct 19 12:19:26 2024] Server Started
[Sat Oct 19 12:19:26 2024] Server Config Loaded
[Sat Oct 19 12:20:33 2024] Config server carregada.
[Sat Oct 19 12:20:33 2024] Server Started
[Sat Oct 19 12:20:33 2024] Server Config Loaded
[Sat Oct 19 12:21:20 2024] Config server carregada.
[Sat Oct 19 12:21:20 2024] Server Started
[Sat Oct 19 12:21:20 2024] Server Config Loaded
[Sat Oct 19 12:23:02 2024] Config server carregada.
[Sat Oct 19 12:23:02 2024] Server Started
[Sat Oct 19 12:23:02 2024] Server Config Loaded
[Sat Oct 19 12:23:11 2024] Config server carregada.
[Sat Oct 19 12:23:11 2024] Server Started
[Sat Oct 19 12:23:11 2024] Server Config Loaded
[Sat Oct 19 12:23:54 2024] Config server carregada.
[Sat Oct 19 12:23:54 2024] Server Started
[Sat Oct 19 12:23:54 2024] Server Config Loaded
[Sat Oct 19 12:24:02 2024] Config server carregada.
[Sat Oct 19 12:24:02 2024] Server Started
[Sat Oct 19 12:24:02 2024] Server Config Loaded
[Sat Oct 19 12:25:25 2024] Config server carregada.
[Sat Oct 19 12:25:25 2024] Server Started
[Sat Oct 19 12:25:25 2024] Server Config Loaded
[Sat Oct 19 12:27:00 2024] Config server carregada.
[Sat Oct 19 12:27:00 2024] Server Started
[Sat Oct 19 12:27:00 2024] Server Config Loaded
[Sat Oct 19 12:28:29 2024] Config server carregada.
[Sat Oct 19 12:28:29 2024] Configurações carregadas
[Sat Oct 19 12:48:05 2024] Config server carregada.
[Sat Oct 19 12:54:12 2024] Config server carregada.
[Sat Oct 19 12:56:15 2024] Config server carregada.
[Sat Oct 19 12:57:15 2024] Config server carregada.
[Sat Oct 19 13:02:32 2024] Config server carregada.
[Sat Oct 19 13:02:43 2024] Config server carregada.
[Sat Oct 19 13:03:51 2024] Config server carregada.
[Sat Oct 19 13:05:02 2024] Config server carregada.
[Sat Oct 19 13:05:02 2024] Servidor começou
[Sat Oct 19 13:42:16 2024] Config server carregada.
[Sat Oct 19 13:42:16 2024] Servidor começou
